<?xml version="1.0" encoding="UTF-8"?>
<TestRun id="e29736e6-4221-4346-9557-08f6c5283a0c" name="Steve@STEVEIBPDESKTOP 2010-11-21 13:27:24" runUser="SteveIBPDesktop\Steve" xmlns="http://microsoft.com/schemas/VisualStudio/TeamTest/2010">
  <TestSettings name="Local" id="60c2b78c-affc-4f37-9333-f6ec362971eb">
    <Description>These are default test settings for a local test run.</Description>
    <Deployment enabled="false" runDeploymentRoot="Steve_STEVEIBPDESKTOP 2010-11-21 13_27_24" />
    <Execution>
      <TestTypeSpecific />
      <AgentRule name="Execution Agents">
      </AgentRule>
    </Execution>
  </TestSettings>
  <Times creation="2010-11-21T13:27:24.3603515-05:00" queuing="2010-11-21T13:27:24.5791015-05:00" start="2010-11-21T13:27:24.7246093-05:00" finish="2010-11-21T13:27:25.0605468-05:00" />
  <ResultSummary outcome="Failed">
    <Counters total="5" executed="5" error="0" failed="5" timeout="0" aborted="0" inconclusive="0" passedButRunAborted="0" notRunnable="0" notExecuted="0" disconnected="0" warning="0" passed="0" completed="0" inProgress="0" pending="0" />
  </ResultSummary>
  <TestDefinitions>
    <UnitTest name="LogNumbersWithLockedSingletonFileLogger" storage="c:\users\steve\documents\visual studio 2010\projects\filelogger\unittests\bin\debug\unittests.dll" id="89b81e32-42db-a649-acea-f2a6be4f6c25">
      <Execution timeOut="1800000" id="ef06d13e-91a0-4857-871e-4c2d1b4ec5a3" />
      <TestMethod codeBase="c:/users/steve/documents/visual studio 2010/Projects/FileLogger/UnitTests/bin/Debug/UnitTests.DLL" adapterTypeName="Microsoft.VisualStudio.TestTools.TestTypes.Unit.UnitTestAdapter, Microsoft.VisualStudio.QualityTools.Tips.UnitTest.Adapter, Version=10.0.0.0, Culture=neutral, PublicKeyToken=b03f5f7f11d50a3a" className="UnitTests.GivenSingleThreadFileLoggerShould, UnitTests, Version=1.0.0.0, Culture=neutral, PublicKeyToken=null" name="LogNumbersWithLockedSingletonFileLogger" />
    </UnitTest>
    <UnitTest name="LogNumbersWithDoubleCheckLockedSingletonFileLogger" storage="c:\users\steve\documents\visual studio 2010\projects\filelogger\unittests\bin\debug\unittests.dll" id="3651180b-d929-b8db-ad01-d5dcbe714c12">
      <Execution timeOut="1800000" id="93e978ba-1989-46c2-8b6d-90e1c5e5519c" />
      <TestMethod codeBase="c:/users/steve/documents/visual studio 2010/Projects/FileLogger/UnitTests/bin/Debug/UnitTests.DLL" adapterTypeName="Microsoft.VisualStudio.TestTools.TestTypes.Unit.UnitTestAdapter, Microsoft.VisualStudio.QualityTools.Tips.UnitTest.Adapter, Version=10.0.0.0, Culture=neutral, PublicKeyToken=b03f5f7f11d50a3a" className="UnitTests.GivenSingleThreadFileLoggerShould, UnitTests, Version=1.0.0.0, Culture=neutral, PublicKeyToken=null" name="LogNumbersWithDoubleCheckLockedSingletonFileLogger" />
    </UnitTest>
    <UnitTest name="LogNumbersWithSingletonFileLogger" storage="c:\users\steve\documents\visual studio 2010\projects\filelogger\unittests\bin\debug\unittests.dll" id="ae8f5fdb-5a80-0124-c03c-b3d6be5a8e61">
      <Execution timeOut="1800000" id="9bed3642-d06d-4efe-a01a-f61d2fe71dd2" />
      <TestMethod codeBase="c:/users/steve/documents/visual studio 2010/Projects/FileLogger/UnitTests/bin/Debug/UnitTests.DLL" adapterTypeName="Microsoft.VisualStudio.TestTools.TestTypes.Unit.UnitTestAdapter, Microsoft.VisualStudio.QualityTools.Tips.UnitTest.Adapter, Version=10.0.0.0, Culture=neutral, PublicKeyToken=b03f5f7f11d50a3a" className="UnitTests.GivenSingleThreadFileLoggerShould, UnitTests, Version=1.0.0.0, Culture=neutral, PublicKeyToken=null" name="LogNumbersWithSingletonFileLogger" />
    </UnitTest>
    <UnitTest name="LogNumbersWithInstanceFileLogger" storage="c:\users\steve\documents\visual studio 2010\projects\filelogger\unittests\bin\debug\unittests.dll" id="fbf7f857-79de-08f2-9e81-b56c8176055a">
      <Execution timeOut="1800000" id="e4d42424-b1a9-469a-b993-8725e3ec740b" />
      <TestMethod codeBase="c:/users/steve/documents/visual studio 2010/Projects/FileLogger/UnitTests/bin/Debug/UnitTests.DLL" adapterTypeName="Microsoft.VisualStudio.TestTools.TestTypes.Unit.UnitTestAdapter, Microsoft.VisualStudio.QualityTools.Tips.UnitTest.Adapter, Version=10.0.0.0, Culture=neutral, PublicKeyToken=b03f5f7f11d50a3a" className="UnitTests.GivenSingleThreadFileLoggerShould, UnitTests, Version=1.0.0.0, Culture=neutral, PublicKeyToken=null" name="LogNumbersWithInstanceFileLogger" />
    </UnitTest>
    <UnitTest name="LogNumbersWithLazySingletonFileLogger" storage="c:\users\steve\documents\visual studio 2010\projects\filelogger\unittests\bin\debug\unittests.dll" id="c60ed6d3-3496-0613-9c00-fa196c8d3602">
      <Execution timeOut="1800000" id="b0fbb25c-3d25-48f4-b2ac-364f41633596" />
      <TestMethod codeBase="c:/users/steve/documents/visual studio 2010/Projects/FileLogger/UnitTests/bin/Debug/UnitTests.DLL" adapterTypeName="Microsoft.VisualStudio.TestTools.TestTypes.Unit.UnitTestAdapter, Microsoft.VisualStudio.QualityTools.Tips.UnitTest.Adapter, Version=10.0.0.0, Culture=neutral, PublicKeyToken=b03f5f7f11d50a3a" className="UnitTests.GivenSingleThreadFileLoggerShould, UnitTests, Version=1.0.0.0, Culture=neutral, PublicKeyToken=null" name="LogNumbersWithLazySingletonFileLogger" />
    </UnitTest>
  </TestDefinitions>
  <TestLists>
    <TestList name="Results Not in a List" id="8c84fa94-04c1-424b-9868-57a2d4851a1d" />
    <TestList name="All Loaded Results" id="19431567-8539-422a-85d7-44ee4e166bda" />
  </TestLists>
  <TestEntries>
    <TestEntry testId="3651180b-d929-b8db-ad01-d5dcbe714c12" executionId="93e978ba-1989-46c2-8b6d-90e1c5e5519c" testListId="8c84fa94-04c1-424b-9868-57a2d4851a1d" />
    <TestEntry testId="fbf7f857-79de-08f2-9e81-b56c8176055a" executionId="e4d42424-b1a9-469a-b993-8725e3ec740b" testListId="8c84fa94-04c1-424b-9868-57a2d4851a1d" />
    <TestEntry testId="c60ed6d3-3496-0613-9c00-fa196c8d3602" executionId="b0fbb25c-3d25-48f4-b2ac-364f41633596" testListId="8c84fa94-04c1-424b-9868-57a2d4851a1d" />
    <TestEntry testId="89b81e32-42db-a649-acea-f2a6be4f6c25" executionId="ef06d13e-91a0-4857-871e-4c2d1b4ec5a3" testListId="8c84fa94-04c1-424b-9868-57a2d4851a1d" />
    <TestEntry testId="ae8f5fdb-5a80-0124-c03c-b3d6be5a8e61" executionId="9bed3642-d06d-4efe-a01a-f61d2fe71dd2" testListId="8c84fa94-04c1-424b-9868-57a2d4851a1d" />
  </TestEntries>
  <Results>
    <UnitTestResult executionId="93e978ba-1989-46c2-8b6d-90e1c5e5519c" testId="3651180b-d929-b8db-ad01-d5dcbe714c12" testName="LogNumbersWithDoubleCheckLockedSingletonFileLogger" computerName="STEVEIBPDESKTOP" duration="00:00:00.1726680" startTime="2010-11-21T13:27:24.7607421-05:00" endTime="2010-11-21T13:27:24.9814453-05:00" testType="13cdc9d9-ddb5-4fa4-a97d-d965ccfc6d4b" outcome="Failed" testListId="8c84fa94-04c1-424b-9868-57a2d4851a1d" relativeResultsDirectory="93e978ba-1989-46c2-8b6d-90e1c5e5519c">
      <Output>
        <StdOut>Begin Logging to File
.</StdOut>
        <ErrorInfo>
          <Message>Test method UnitTests.GivenSingleThreadFileLoggerShould.LogNumbersWithDoubleCheckLockedSingletonFileLogger threw exception: 
System.ArgumentNullException: Value cannot be null.
Parameter name: container</Message>
          <StackTrace>    at Microsoft.Practices.Unity.UnityContainerExtensions.Resolve[T](IUnityContainer container, ResolverOverride[] overrides)
   at FileLoggerSample.IoC.Resolve[TBase]() in c:\users\steve\documents\visual studio 2010\Projects\FileLogger\FileLogger\IoC.cs:line 16
   at FileLoggerSample.Impl.FileLoggers.BaseFileLogger..ctor() in c:\users\steve\documents\visual studio 2010\Projects\FileLogger\FileLogger\Impl\FileLoggers\BaseFileLogger.cs:line 16
   at FileLoggerSample.Impl.FileLoggers.FileLoggerDoubleCheckLocking..ctor() in c:\users\steve\documents\visual studio 2010\Projects\FileLogger\FileLogger\Impl\FileLoggers\FileLoggerDoubleCheckLocking.cs:line 13
   at FileLoggerSample.Impl.FileLoggers.FileLoggerDoubleCheckLocking.get_Instance() in c:\users\steve\documents\visual studio 2010\Projects\FileLogger\FileLogger\Impl\FileLoggers\FileLoggerDoubleCheckLocking.cs:line 27
   at FileLoggerSample.Impl.Factories.DoubleCheckLockedSingletonFileLoggerFactory.Create() in c:\users\steve\documents\visual studio 2010\Projects\FileLogger\FileLogger\Impl\Factories\DoubleCheckLockedSingletonFileLoggerFactory.cs:line 10
   at FileLoggerSample.Impl.NumbersToTextFile.WriteNumbersToFile() in c:\users\steve\documents\visual studio 2010\Projects\FileLogger\FileLogger\Impl\NumbersToTextFile.cs:line 23
   at UnitTests.GivenSingleThreadFileLoggerShould.LogNumbers() in c:\users\steve\documents\visual studio 2010\Projects\FileLogger\UnitTests\GivenSingleThreadFileLoggerShould.cs:line 30
   at UnitTests.GivenSingleThreadFileLoggerShould.LogNumbersWithDoubleCheckLockedSingletonFileLogger() in c:\users\steve\documents\visual studio 2010\Projects\FileLogger\UnitTests\GivenSingleThreadFileLoggerShould.cs:line 58
</StackTrace>
        </ErrorInfo>
      </Output>
    </UnitTestResult>
    <UnitTestResult executionId="e4d42424-b1a9-469a-b993-8725e3ec740b" testId="fbf7f857-79de-08f2-9e81-b56c8176055a" testName="LogNumbersWithInstanceFileLogger" computerName="STEVEIBPDESKTOP" duration="00:00:00.0025456" startTime="2010-11-21T13:27:24.9833984-05:00" endTime="2010-11-21T13:27:24.9863281-05:00" testType="13cdc9d9-ddb5-4fa4-a97d-d965ccfc6d4b" outcome="Failed" testListId="8c84fa94-04c1-424b-9868-57a2d4851a1d" relativeResultsDirectory="e4d42424-b1a9-469a-b993-8725e3ec740b">
      <Output>
        <StdOut>Begin Logging to File
.</StdOut>
        <ErrorInfo>
          <Message>Test method UnitTests.GivenSingleThreadFileLoggerShould.LogNumbersWithInstanceFileLogger threw exception: 
System.ArgumentNullException: Value cannot be null.
Parameter name: container</Message>
          <StackTrace>    at Microsoft.Practices.Unity.UnityContainerExtensions.Resolve[T](IUnityContainer container, ResolverOverride[] overrides)
   at FileLoggerSample.IoC.Resolve[TBase]() in c:\users\steve\documents\visual studio 2010\Projects\FileLogger\FileLogger\IoC.cs:line 16
   at FileLoggerSample.Impl.FileLoggers.BaseFileLogger..ctor() in c:\users\steve\documents\visual studio 2010\Projects\FileLogger\FileLogger\Impl\FileLoggers\BaseFileLogger.cs:line 16
   at FileLoggerSample.Impl.FileLoggers.FileLogger..ctor()
   at FileLoggerSample.Impl.Factories.InstanceFileLoggerFactory.Create() in c:\users\steve\documents\visual studio 2010\Projects\FileLogger\FileLogger\Impl\Factories\InstanceFileLoggerFactory.cs:line 10
   at FileLoggerSample.Impl.NumbersToTextFile.WriteNumbersToFile() in c:\users\steve\documents\visual studio 2010\Projects\FileLogger\FileLogger\Impl\NumbersToTextFile.cs:line 23
   at UnitTests.GivenSingleThreadFileLoggerShould.LogNumbers() in c:\users\steve\documents\visual studio 2010\Projects\FileLogger\UnitTests\GivenSingleThreadFileLoggerShould.cs:line 30
   at UnitTests.GivenSingleThreadFileLoggerShould.LogNumbersWithInstanceFileLogger() in c:\users\steve\documents\visual studio 2010\Projects\FileLogger\UnitTests\GivenSingleThreadFileLoggerShould.cs:line 37
</StackTrace>
        </ErrorInfo>
      </Output>
    </UnitTestResult>
    <UnitTestResult executionId="b0fbb25c-3d25-48f4-b2ac-364f41633596" testId="c60ed6d3-3496-0613-9c00-fa196c8d3602" testName="LogNumbersWithLazySingletonFileLogger" computerName="STEVEIBPDESKTOP" duration="00:00:00.0028984" startTime="2010-11-21T13:27:24.9882812-05:00" endTime="2010-11-21T13:27:24.9912109-05:00" testType="13cdc9d9-ddb5-4fa4-a97d-d965ccfc6d4b" outcome="Failed" testListId="8c84fa94-04c1-424b-9868-57a2d4851a1d" relativeResultsDirectory="b0fbb25c-3d25-48f4-b2ac-364f41633596">
      <Output>
        <StdOut>Begin Logging to File
.</StdOut>
        <ErrorInfo>
          <Message>Test method UnitTests.GivenSingleThreadFileLoggerShould.LogNumbersWithLazySingletonFileLogger threw exception: 
System.TypeInitializationException: The type initializer for 'Nested' threw an exception. ---&gt; System.ArgumentNullException: Value cannot be null.
Parameter name: container</Message>
          <StackTrace>    at Microsoft.Practices.Unity.UnityContainerExtensions.Resolve[T](IUnityContainer container, ResolverOverride[] overrides)
   at FileLoggerSample.IoC.Resolve[TBase]() in c:\users\steve\documents\visual studio 2010\Projects\FileLogger\FileLogger\IoC.cs:line 16
   at FileLoggerSample.Impl.FileLoggers.BaseFileLogger..ctor() in c:\users\steve\documents\visual studio 2010\Projects\FileLogger\FileLogger\Impl\FileLoggers\BaseFileLogger.cs:line 16
   at FileLoggerSample.Impl.FileLoggers.FileLoggerLazySingleton..ctor() in c:\users\steve\documents\visual studio 2010\Projects\FileLogger\FileLogger\Impl\FileLoggers\FileLoggerLazySingleton.cs:line 8
   at FileLoggerSample.Impl.FileLoggers.FileLoggerLazySingleton.Nested..cctor() in c:\users\steve\documents\visual studio 2010\Projects\FileLogger\FileLogger\Impl\FileLoggers\FileLoggerLazySingleton.cs:line 28
 --- End of inner exception stack trace ---
    at FileLoggerSample.Impl.FileLoggers.FileLoggerLazySingleton.get_Instance() in c:\users\steve\documents\visual studio 2010\Projects\FileLogger\FileLogger\Impl\FileLoggers\FileLoggerLazySingleton.cs:line 17
   at FileLoggerSample.Impl.Factories.LazySingletonFileLoggerFactory.Create() in c:\users\steve\documents\visual studio 2010\Projects\FileLogger\FileLogger\Impl\Factories\LazySingletonFileLoggerFactory.cs:line 10
   at FileLoggerSample.Impl.NumbersToTextFile.WriteNumbersToFile() in c:\users\steve\documents\visual studio 2010\Projects\FileLogger\FileLogger\Impl\NumbersToTextFile.cs:line 23
   at UnitTests.GivenSingleThreadFileLoggerShould.LogNumbers() in c:\users\steve\documents\visual studio 2010\Projects\FileLogger\UnitTests\GivenSingleThreadFileLoggerShould.cs:line 30
   at UnitTests.GivenSingleThreadFileLoggerShould.LogNumbersWithLazySingletonFileLogger() in c:\users\steve\documents\visual studio 2010\Projects\FileLogger\UnitTests\GivenSingleThreadFileLoggerShould.cs:line 65
</StackTrace>
        </ErrorInfo>
      </Output>
    </UnitTestResult>
    <UnitTestResult executionId="ef06d13e-91a0-4857-871e-4c2d1b4ec5a3" testId="89b81e32-42db-a649-acea-f2a6be4f6c25" testName="LogNumbersWithLockedSingletonFileLogger" computerName="STEVEIBPDESKTOP" duration="00:00:00.0023001" startTime="2010-11-21T13:27:24.9921875-05:00" endTime="2010-11-21T13:27:24.9951171-05:00" testType="13cdc9d9-ddb5-4fa4-a97d-d965ccfc6d4b" outcome="Failed" testListId="8c84fa94-04c1-424b-9868-57a2d4851a1d" relativeResultsDirectory="ef06d13e-91a0-4857-871e-4c2d1b4ec5a3">
      <Output>
        <StdOut>Begin Logging to File
.</StdOut>
        <ErrorInfo>
          <Message>Test method UnitTests.GivenSingleThreadFileLoggerShould.LogNumbersWithLockedSingletonFileLogger threw exception: 
System.ArgumentNullException: Value cannot be null.
Parameter name: container</Message>
          <StackTrace>    at Microsoft.Practices.Unity.UnityContainerExtensions.Resolve[T](IUnityContainer container, ResolverOverride[] overrides)
   at FileLoggerSample.IoC.Resolve[TBase]() in c:\users\steve\documents\visual studio 2010\Projects\FileLogger\FileLogger\IoC.cs:line 16
   at FileLoggerSample.Impl.FileLoggers.BaseFileLogger..ctor() in c:\users\steve\documents\visual studio 2010\Projects\FileLogger\FileLogger\Impl\FileLoggers\BaseFileLogger.cs:line 16
   at FileLoggerSample.Impl.FileLoggers.FileLoggerThreadSafeSingleton..ctor() in c:\users\steve\documents\visual studio 2010\Projects\FileLogger\FileLogger\Impl\FileLoggers\FileLoggerThreadSafeSingleton.cs:line 12
   at FileLoggerSample.Impl.FileLoggers.FileLoggerThreadSafeSingleton.get_Instance() in c:\users\steve\documents\visual studio 2010\Projects\FileLogger\FileLogger\Impl\FileLoggers\FileLoggerThreadSafeSingleton.cs:line 25
   at FileLoggerSample.Impl.Factories.LockedSingletonFileLoggerFactory.Create() in c:\users\steve\documents\visual studio 2010\Projects\FileLogger\FileLogger\Impl\Factories\LockedSingletonFileLoggerFactory.cs:line 10
   at FileLoggerSample.Impl.NumbersToTextFile.WriteNumbersToFile() in c:\users\steve\documents\visual studio 2010\Projects\FileLogger\FileLogger\Impl\NumbersToTextFile.cs:line 23
   at UnitTests.GivenSingleThreadFileLoggerShould.LogNumbers() in c:\users\steve\documents\visual studio 2010\Projects\FileLogger\UnitTests\GivenSingleThreadFileLoggerShould.cs:line 30
   at UnitTests.GivenSingleThreadFileLoggerShould.LogNumbersWithLockedSingletonFileLogger() in c:\users\steve\documents\visual studio 2010\Projects\FileLogger\UnitTests\GivenSingleThreadFileLoggerShould.cs:line 51
</StackTrace>
        </ErrorInfo>
      </Output>
    </UnitTestResult>
    <UnitTestResult executionId="9bed3642-d06d-4efe-a01a-f61d2fe71dd2" testId="ae8f5fdb-5a80-0124-c03c-b3d6be5a8e61" testName="LogNumbersWithSingletonFileLogger" computerName="STEVEIBPDESKTOP" duration="00:00:00.0021212" startTime="2010-11-21T13:27:24.9951171-05:00" endTime="2010-11-21T13:27:24.9980468-05:00" testType="13cdc9d9-ddb5-4fa4-a97d-d965ccfc6d4b" outcome="Failed" testListId="8c84fa94-04c1-424b-9868-57a2d4851a1d" relativeResultsDirectory="9bed3642-d06d-4efe-a01a-f61d2fe71dd2">
      <Output>
        <StdOut>Begin Logging to File
.</StdOut>
        <ErrorInfo>
          <Message>Test method UnitTests.GivenSingleThreadFileLoggerShould.LogNumbersWithSingletonFileLogger threw exception: 
System.ArgumentNullException: Value cannot be null.
Parameter name: container</Message>
          <StackTrace>    at Microsoft.Practices.Unity.UnityContainerExtensions.Resolve[T](IUnityContainer container, ResolverOverride[] overrides)
   at FileLoggerSample.IoC.Resolve[TBase]() in c:\users\steve\documents\visual studio 2010\Projects\FileLogger\FileLogger\IoC.cs:line 16
   at FileLoggerSample.Impl.FileLoggers.BaseFileLogger..ctor() in c:\users\steve\documents\visual studio 2010\Projects\FileLogger\FileLogger\Impl\FileLoggers\BaseFileLogger.cs:line 16
   at FileLoggerSample.Impl.FileLoggers.FileLoggerSingleton..ctor() in c:\users\steve\documents\visual studio 2010\Projects\FileLogger\FileLogger\Impl\FileLoggers\FileLoggerSingleton.cs:line 9
   at FileLoggerSample.Impl.FileLoggers.FileLoggerSingleton.get_Instance() in c:\users\steve\documents\visual studio 2010\Projects\FileLogger\FileLogger\Impl\FileLoggers\FileLoggerSingleton.cs:line 19
   at FileLoggerSample.Impl.Factories.SingletonFileLoggerFactory.Create() in c:\users\steve\documents\visual studio 2010\Projects\FileLogger\FileLogger\Impl\Factories\SingletonFileLoggerFactory.cs:line 10
   at FileLoggerSample.Impl.NumbersToTextFile.WriteNumbersToFile() in c:\users\steve\documents\visual studio 2010\Projects\FileLogger\FileLogger\Impl\NumbersToTextFile.cs:line 23
   at UnitTests.GivenSingleThreadFileLoggerShould.LogNumbers() in c:\users\steve\documents\visual studio 2010\Projects\FileLogger\UnitTests\GivenSingleThreadFileLoggerShould.cs:line 30
   at UnitTests.GivenSingleThreadFileLoggerShould.LogNumbersWithSingletonFileLogger() in c:\users\steve\documents\visual studio 2010\Projects\FileLogger\UnitTests\GivenSingleThreadFileLoggerShould.cs:line 44
</StackTrace>
        </ErrorInfo>
      </Output>
    </UnitTestResult>
  </Results>
</TestRun>