<?xml version="1.0" encoding="UTF-8"?>
<TestRun id="5019bbc8-49e0-4fbd-943f-1c92557cbcc5" name="Steve@STEVEIBPDESKTOP 2010-11-21 13:48:01" runUser="SteveIBPDesktop\Steve" xmlns="http://microsoft.com/schemas/VisualStudio/TeamTest/2010">
  <TestSettings name="Local" id="60c2b78c-affc-4f37-9333-f6ec362971eb">
    <Description>These are default test settings for a local test run.</Description>
    <Deployment enabled="false" runDeploymentRoot="Steve_STEVEIBPDESKTOP 2010-11-21 13_48_01" />
    <Execution>
      <TestTypeSpecific />
      <AgentRule name="Execution Agents">
      </AgentRule>
    </Execution>
  </TestSettings>
  <Times creation="2010-11-21T13:48:01.2880859-05:00" queuing="2010-11-21T13:48:01.5166015-05:00" start="2010-11-21T13:48:01.6738281-05:00" finish="2010-11-21T13:48:02.7773437-05:00" />
  <ResultSummary outcome="Failed">
    <Counters total="3" executed="3" error="0" failed="3" timeout="0" aborted="0" inconclusive="0" passedButRunAborted="0" notRunnable="0" notExecuted="0" disconnected="0" warning="0" passed="0" completed="0" inProgress="0" pending="0" />
  </ResultSummary>
  <TestDefinitions>
    <UnitTest name="LogNumbersWithDoubleCheckLockedSingletonFileLogger" storage="c:\users\steve\documents\visual studio 2010\projects\filelogger\unittests\bin\debug\unittests.dll" id="13da457a-de1a-d177-f733-d21a9ae13cab">
      <Execution timeOut="1800000" id="3d1a1c04-fce9-4e2c-a2a6-212d4370065f" />
      <TestMethod codeBase="c:/users/steve/documents/visual studio 2010/Projects/FileLogger/UnitTests/bin/Debug/UnitTests.DLL" adapterTypeName="Microsoft.VisualStudio.TestTools.TestTypes.Unit.UnitTestAdapter, Microsoft.VisualStudio.QualityTools.Tips.UnitTest.Adapter, Version=10.0.0.0, Culture=neutral, PublicKeyToken=b03f5f7f11d50a3a" className="UnitTests.GivenMultipleThreadsFileLoggerShould, UnitTests, Version=1.0.0.0, Culture=neutral, PublicKeyToken=null" name="LogNumbersWithDoubleCheckLockedSingletonFileLogger" />
    </UnitTest>
    <UnitTest name="LogNumbersWithLockedSingletonFileLogger" storage="c:\users\steve\documents\visual studio 2010\projects\filelogger\unittests\bin\debug\unittests.dll" id="8dfa8e08-8bc4-1574-c18b-3d48482f6fa8">
      <Execution timeOut="1800000" id="fd7912d9-e3f7-4e22-bd4a-fad13e97e29d" />
      <TestMethod codeBase="c:/users/steve/documents/visual studio 2010/Projects/FileLogger/UnitTests/bin/Debug/UnitTests.DLL" adapterTypeName="Microsoft.VisualStudio.TestTools.TestTypes.Unit.UnitTestAdapter, Microsoft.VisualStudio.QualityTools.Tips.UnitTest.Adapter, Version=10.0.0.0, Culture=neutral, PublicKeyToken=b03f5f7f11d50a3a" className="UnitTests.GivenMultipleThreadsFileLoggerShould, UnitTests, Version=1.0.0.0, Culture=neutral, PublicKeyToken=null" name="LogNumbersWithLockedSingletonFileLogger" />
    </UnitTest>
    <UnitTest name="LogNumbersWithLazySingletonFileLogger" storage="c:\users\steve\documents\visual studio 2010\projects\filelogger\unittests\bin\debug\unittests.dll" id="cf973075-79de-8e47-f55e-276afa057e7c">
      <Execution timeOut="1800000" id="eb6f58e1-e00b-4ea4-a748-753b516f29cb" />
      <TestMethod codeBase="c:/users/steve/documents/visual studio 2010/Projects/FileLogger/UnitTests/bin/Debug/UnitTests.DLL" adapterTypeName="Microsoft.VisualStudio.TestTools.TestTypes.Unit.UnitTestAdapter, Microsoft.VisualStudio.QualityTools.Tips.UnitTest.Adapter, Version=10.0.0.0, Culture=neutral, PublicKeyToken=b03f5f7f11d50a3a" className="UnitTests.GivenMultipleThreadsFileLoggerShould, UnitTests, Version=1.0.0.0, Culture=neutral, PublicKeyToken=null" name="LogNumbersWithLazySingletonFileLogger" />
    </UnitTest>
  </TestDefinitions>
  <TestLists>
    <TestList name="Results Not in a List" id="8c84fa94-04c1-424b-9868-57a2d4851a1d" />
    <TestList name="All Loaded Results" id="19431567-8539-422a-85d7-44ee4e166bda" />
  </TestLists>
  <TestEntries>
    <TestEntry testId="13da457a-de1a-d177-f733-d21a9ae13cab" executionId="3d1a1c04-fce9-4e2c-a2a6-212d4370065f" testListId="8c84fa94-04c1-424b-9868-57a2d4851a1d" />
    <TestEntry testId="cf973075-79de-8e47-f55e-276afa057e7c" executionId="eb6f58e1-e00b-4ea4-a748-753b516f29cb" testListId="8c84fa94-04c1-424b-9868-57a2d4851a1d" />
    <TestEntry testId="8dfa8e08-8bc4-1574-c18b-3d48482f6fa8" executionId="fd7912d9-e3f7-4e22-bd4a-fad13e97e29d" testListId="8c84fa94-04c1-424b-9868-57a2d4851a1d" />
  </TestEntries>
  <Results>
    <UnitTestResult executionId="3d1a1c04-fce9-4e2c-a2a6-212d4370065f" testId="13da457a-de1a-d177-f733-d21a9ae13cab" testName="LogNumbersWithDoubleCheckLockedSingletonFileLogger" computerName="STEVEIBPDESKTOP" duration="00:00:00.9113924" startTime="2010-11-21T13:48:01.7158203-05:00" endTime="2010-11-21T13:48:02.6757812-05:00" testType="13cdc9d9-ddb5-4fa4-a97d-d965ccfc6d4b" outcome="Failed" testListId="8c84fa94-04c1-424b-9868-57a2d4851a1d" relativeResultsDirectory="3d1a1c04-fce9-4e2c-a2a6-212d4370065f">
      <Output>
        <StdOut>Begin Logging to File
........................................................................................................................................................................................................................................................................................................................................................................................................................................................................................................................................................................................................................................................................................................................................................................................................................................................................................................................................................................................................................................</StdOut>
        <ErrorInfo>
          <Message>TestCleanup method UnitTests.GivenMultipleThreadsFileLoggerShould.CleanUp threw exception. Microsoft.Practices.Unity.ResolutionFailedException: Microsoft.Practices.Unity.ResolutionFailedException: Resolution of the dependency failed, type = "FileLoggerSample.Interfaces.IFileLogger", name = "(none)".
Exception occurred while: while resolving.
Exception is: InvalidOperationException - The current type, FileLoggerSample.Interfaces.IFileLogger, is an interface and cannot be constructed. Are you missing a type mapping?
-----------------------------------------------
At the time of the exception, the container was:

  Resolving FileLoggerSample.Interfaces.IFileLogger,(none)
 ---&gt; System.InvalidOperationException: The current type, FileLoggerSample.Interfaces.IFileLogger, is an interface and cannot be constructed. Are you missing a type mapping?.</Message>
          <StackTrace>    at Microsoft.Practices.ObjectBuilder2.DynamicMethodConstructorStrategy.ThrowForAttemptingToConstructInterface(IBuilderContext context)
   at BuildUp_FileLoggerSample.Interfaces.IFileLogger(IBuilderContext )
   at Microsoft.Practices.ObjectBuilder2.DynamicMethodBuildPlan.BuildUp(IBuilderContext context)
   at Microsoft.Practices.ObjectBuilder2.BuildPlanStrategy.PreBuildUp(IBuilderContext context)
   at Microsoft.Practices.ObjectBuilder2.StrategyChain.ExecuteBuildUp(IBuilderContext context)
   at Microsoft.Practices.Unity.UnityContainer.DoBuildUp(Type t, Object existing, String name, IEnumerable`1 resolverOverrides)
 --- End of inner exception stack trace ---
    at Microsoft.Practices.Unity.UnityContainer.DoBuildUp(Type t, Object existing, String name, IEnumerable`1 resolverOverrides)
   at Microsoft.Practices.Unity.UnityContainer.Resolve(Type t, String name, ResolverOverride[] resolverOverrides)
   at Microsoft.Practices.Unity.UnityContainerExtensions.Resolve[T](IUnityContainer container, ResolverOverride[] overrides)
   at UnitTests.GivenMultipleThreadsFileLoggerShould.CleanUp() in c:\users\steve\documents\visual studio 2010\Projects\FileLogger\UnitTests\GivenMultipleThreadsFileLoggerShould.cs:line 30
</StackTrace>
        </ErrorInfo>
      </Output>
    </UnitTestResult>
    <UnitTestResult executionId="eb6f58e1-e00b-4ea4-a748-753b516f29cb" testId="cf973075-79de-8e47-f55e-276afa057e7c" testName="LogNumbersWithLazySingletonFileLogger" computerName="STEVEIBPDESKTOP" duration="00:00:00.0260910" startTime="2010-11-21T13:48:02.6777343-05:00" endTime="2010-11-21T13:48:02.7041015-05:00" testType="13cdc9d9-ddb5-4fa4-a97d-d965ccfc6d4b" outcome="Failed" testListId="8c84fa94-04c1-424b-9868-57a2d4851a1d" relativeResultsDirectory="eb6f58e1-e00b-4ea4-a748-753b516f29cb">
      <Output>
        <StdOut>Begin Logging to File
........................................................................................................................................................................................................................................................................................................................................................................................................................................................................................................................................................................................................................................................................................................................................................................................................................................................................................................................................................................................................................................</StdOut>
        <ErrorInfo>
          <Message>TestCleanup method UnitTests.GivenMultipleThreadsFileLoggerShould.CleanUp threw exception. Microsoft.Practices.Unity.ResolutionFailedException: Microsoft.Practices.Unity.ResolutionFailedException: Resolution of the dependency failed, type = "FileLoggerSample.Interfaces.IFileLogger", name = "(none)".
Exception occurred while: while resolving.
Exception is: InvalidOperationException - The current type, FileLoggerSample.Interfaces.IFileLogger, is an interface and cannot be constructed. Are you missing a type mapping?
-----------------------------------------------
At the time of the exception, the container was:

  Resolving FileLoggerSample.Interfaces.IFileLogger,(none)
 ---&gt; System.InvalidOperationException: The current type, FileLoggerSample.Interfaces.IFileLogger, is an interface and cannot be constructed. Are you missing a type mapping?.</Message>
          <StackTrace>    at Microsoft.Practices.ObjectBuilder2.DynamicMethodConstructorStrategy.ThrowForAttemptingToConstructInterface(IBuilderContext context)
   at BuildUp_FileLoggerSample.Interfaces.IFileLogger(IBuilderContext )
   at Microsoft.Practices.ObjectBuilder2.DynamicMethodBuildPlan.BuildUp(IBuilderContext context)
   at Microsoft.Practices.ObjectBuilder2.BuildPlanStrategy.PreBuildUp(IBuilderContext context)
   at Microsoft.Practices.ObjectBuilder2.StrategyChain.ExecuteBuildUp(IBuilderContext context)
   at Microsoft.Practices.Unity.UnityContainer.DoBuildUp(Type t, Object existing, String name, IEnumerable`1 resolverOverrides)
 --- End of inner exception stack trace ---
    at Microsoft.Practices.Unity.UnityContainer.DoBuildUp(Type t, Object existing, String name, IEnumerable`1 resolverOverrides)
   at Microsoft.Practices.Unity.UnityContainer.Resolve(Type t, String name, ResolverOverride[] resolverOverrides)
   at Microsoft.Practices.Unity.UnityContainerExtensions.Resolve[T](IUnityContainer container, ResolverOverride[] overrides)
   at UnitTests.GivenMultipleThreadsFileLoggerShould.CleanUp() in c:\users\steve\documents\visual studio 2010\Projects\FileLogger\UnitTests\GivenMultipleThreadsFileLoggerShould.cs:line 30
</StackTrace>
        </ErrorInfo>
      </Output>
    </UnitTestResult>
    <UnitTestResult executionId="fd7912d9-e3f7-4e22-bd4a-fad13e97e29d" testId="8dfa8e08-8bc4-1574-c18b-3d48482f6fa8" testName="LogNumbersWithLockedSingletonFileLogger" computerName="STEVEIBPDESKTOP" duration="00:00:00.0178358" startTime="2010-11-21T13:48:02.7050781-05:00" endTime="2010-11-21T13:48:02.7236328-05:00" testType="13cdc9d9-ddb5-4fa4-a97d-d965ccfc6d4b" outcome="Failed" testListId="8c84fa94-04c1-424b-9868-57a2d4851a1d" relativeResultsDirectory="fd7912d9-e3f7-4e22-bd4a-fad13e97e29d">
      <Output>
        <StdOut>Begin Logging to File
........................................................................................................................................................................................................................................................................................................................................................................................................................................................................................................................................................................................................................................................................................................................................................................................................................................................................................................................................................................................................................................</StdOut>
        <ErrorInfo>
          <Message>TestCleanup method UnitTests.GivenMultipleThreadsFileLoggerShould.CleanUp threw exception. Microsoft.Practices.Unity.ResolutionFailedException: Microsoft.Practices.Unity.ResolutionFailedException: Resolution of the dependency failed, type = "FileLoggerSample.Interfaces.IFileLogger", name = "(none)".
Exception occurred while: while resolving.
Exception is: InvalidOperationException - The current type, FileLoggerSample.Interfaces.IFileLogger, is an interface and cannot be constructed. Are you missing a type mapping?
-----------------------------------------------
At the time of the exception, the container was:

  Resolving FileLoggerSample.Interfaces.IFileLogger,(none)
 ---&gt; System.InvalidOperationException: The current type, FileLoggerSample.Interfaces.IFileLogger, is an interface and cannot be constructed. Are you missing a type mapping?.</Message>
          <StackTrace>    at Microsoft.Practices.ObjectBuilder2.DynamicMethodConstructorStrategy.ThrowForAttemptingToConstructInterface(IBuilderContext context)
   at BuildUp_FileLoggerSample.Interfaces.IFileLogger(IBuilderContext )
   at Microsoft.Practices.ObjectBuilder2.DynamicMethodBuildPlan.BuildUp(IBuilderContext context)
   at Microsoft.Practices.ObjectBuilder2.BuildPlanStrategy.PreBuildUp(IBuilderContext context)
   at Microsoft.Practices.ObjectBuilder2.StrategyChain.ExecuteBuildUp(IBuilderContext context)
   at Microsoft.Practices.Unity.UnityContainer.DoBuildUp(Type t, Object existing, String name, IEnumerable`1 resolverOverrides)
 --- End of inner exception stack trace ---
    at Microsoft.Practices.Unity.UnityContainer.DoBuildUp(Type t, Object existing, String name, IEnumerable`1 resolverOverrides)
   at Microsoft.Practices.Unity.UnityContainer.Resolve(Type t, String name, ResolverOverride[] resolverOverrides)
   at Microsoft.Practices.Unity.UnityContainerExtensions.Resolve[T](IUnityContainer container, ResolverOverride[] overrides)
   at UnitTests.GivenMultipleThreadsFileLoggerShould.CleanUp() in c:\users\steve\documents\visual studio 2010\Projects\FileLogger\UnitTests\GivenMultipleThreadsFileLoggerShould.cs:line 30
</StackTrace>
        </ErrorInfo>
      </Output>
    </UnitTestResult>
  </Results>
</TestRun>