<?xml version="1.0" encoding="UTF-8"?>
<TestRun id="b197f1b9-ef46-4559-8676-1771e03589c2" name="Steve@STEVEIBPDESKTOP 2010-11-22 09:19:19" runUser="SteveIBPDesktop\Steve" xmlns="http://microsoft.com/schemas/VisualStudio/TeamTest/2010">
  <TestSettings name="Local" id="60c2b78c-affc-4f37-9333-f6ec362971eb">
    <Description>These are default test settings for a local test run.</Description>
    <Deployment enabled="false" runDeploymentRoot="Steve_STEVEIBPDESKTOP 2010-11-22 09_19_19" />
    <Execution>
      <TestTypeSpecific />
      <AgentRule name="Execution Agents">
      </AgentRule>
    </Execution>
  </TestSettings>
  <Times creation="2010-11-22T09:19:19.4443359-05:00" queuing="2010-11-22T09:19:19.6767578-05:00" start="2010-11-22T09:19:19.8330078-05:00" finish="2010-11-22T09:19:20.1699218-05:00" />
  <ResultSummary outcome="Failed">
    <Counters total="1" executed="1" error="0" failed="1" timeout="0" aborted="0" inconclusive="0" passedButRunAborted="0" notRunnable="0" notExecuted="0" disconnected="0" warning="0" passed="0" completed="0" inProgress="0" pending="0" />
  </ResultSummary>
  <TestDefinitions>
    <UnitTest name="LogNumbersWithInstanceFileLogger" storage="c:\users\steve\documents\my dropbox\pluralsightcurrent\007 - singleton pattern\demo\unittests\bin\debug\tests.dll" id="39fe155c-8164-7692-4849-522b13708cf8">
      <Execution timeOut="1800000" id="b1546602-2cac-4f5e-b5a1-4923b5f86451" />
      <TestMethod codeBase="C:/Users/Steve/Documents/My Dropbox/PluralsightCurrent/007 - Singleton Pattern/Demo/UnitTests/bin/Debug/Tests.DLL" adapterTypeName="Microsoft.VisualStudio.TestTools.TestTypes.Unit.UnitTestAdapter, Microsoft.VisualStudio.QualityTools.Tips.UnitTest.Adapter, Version=10.0.0.0, Culture=neutral, PublicKeyToken=b03f5f7f11d50a3a" className="Tests.GivenMultipleThreadsFileLoggerShould, Tests, Version=1.0.0.0, Culture=neutral, PublicKeyToken=null" name="LogNumbersWithInstanceFileLogger" />
    </UnitTest>
  </TestDefinitions>
  <TestLists>
    <TestList name="Results Not in a List" id="8c84fa94-04c1-424b-9868-57a2d4851a1d" />
    <TestList name="All Loaded Results" id="19431567-8539-422a-85d7-44ee4e166bda" />
  </TestLists>
  <TestEntries>
    <TestEntry testId="39fe155c-8164-7692-4849-522b13708cf8" executionId="b1546602-2cac-4f5e-b5a1-4923b5f86451" testListId="8c84fa94-04c1-424b-9868-57a2d4851a1d" />
  </TestEntries>
  <Results>
    <UnitTestResult executionId="b1546602-2cac-4f5e-b5a1-4923b5f86451" testId="39fe155c-8164-7692-4849-522b13708cf8" testName="LogNumbersWithInstanceFileLogger" computerName="STEVEIBPDESKTOP" duration="00:00:00.1919996" startTime="2010-11-22T09:19:19.8730468-05:00" endTime="2010-11-22T09:19:20.1152343-05:00" testType="13cdc9d9-ddb5-4fa4-a97d-d965ccfc6d4b" outcome="Failed" testListId="8c84fa94-04c1-424b-9868-57a2d4851a1d" relativeResultsDirectory="b1546602-2cac-4f5e-b5a1-4923b5f86451">
      <Output>
        <StdOut>Begin Logging to File
.................................</StdOut>
        <ErrorInfo>
          <Message>Test method Tests.GivenMultipleThreadsFileLoggerShould.LogNumbersWithInstanceFileLogger threw exception: 
System.AggregateException: One or more errors occurred. ---&gt; System.IO.IOException: The process cannot access the file 'c:\dev\scratch\logs\logfile.txt' because it is being used by another process.</Message>
          <StackTrace>    at System.IO.__Error.WinIOError(Int32 errorCode, String maybeFullPath)
   at System.IO.FileStream.Init(String path, FileMode mode, FileAccess access, Int32 rights, Boolean useRights, FileShare share, Int32 bufferSize, FileOptions options, SECURITY_ATTRIBUTES secAttrs, String msgPath, Boolean bFromProxy, Boolean useLongPath)
   at System.IO.FileStream..ctor(String path, FileMode mode, FileAccess access, FileShare share, Int32 bufferSize, FileOptions options)
   at System.IO.StreamWriter.CreateFile(String path, Boolean append)
   at System.IO.StreamWriter..ctor(String path, Boolean append, Encoding encoding, Int32 bufferSize)
   at System.IO.StreamWriter..ctor(String path, Boolean append)
   at System.IO.File.AppendText(String path)
   at FileLoggerSample.Impl.FileLoggers.BaseFileLogger.GetFileStream() in C:\Users\Steve\Documents\My Dropbox\PluralsightCurrent\007 - Singleton Pattern\Demo\FileLogger\Impl\FileLoggers\BaseFileLogger.cs:line 41
   at FileLoggerSample.Impl.FileLoggers.BaseFileLogger..ctor(IDelayConfig delayConfig) in C:\Users\Steve\Documents\My Dropbox\PluralsightCurrent\007 - Singleton Pattern\Demo\FileLogger\Impl\FileLoggers\BaseFileLogger.cs:line 24
   at FileLoggerSample.Impl.FileLoggers.BaseFileLogger..ctor() in C:\Users\Steve\Documents\My Dropbox\PluralsightCurrent\007 - Singleton Pattern\Demo\FileLogger\Impl\FileLoggers\BaseFileLogger.cs:line 17
   at FileLoggerSample.Impl.FileLoggers.FileLogger..ctor() in C:\Users\Steve\Documents\My Dropbox\PluralsightCurrent\007 - Singleton Pattern\Demo\FileLogger\Impl\FileLoggers\FileLogger.cs:line 8
   at FileLoggerSample.Impl.Factories.InstanceFileLoggerFactory.Create() in C:\Users\Steve\Documents\My Dropbox\PluralsightCurrent\007 - Singleton Pattern\Demo\FileLogger\Impl\Factories\InstanceFileLoggerFactory.cs:line 10
   at FileLoggerSample.Impl.NumbersToTextFileAsync.&lt;&gt;c__DisplayClass1.&lt;WriteNumbersToFile&gt;b__0(Int32 i) in C:\Users\Steve\Documents\My Dropbox\PluralsightCurrent\007 - Singleton Pattern\Demo\FileLogger\Impl\NumbersToTextFileAsync.cs:line 24
   at System.Threading.Tasks.Parallel.&lt;&gt;c__DisplayClassf`1.&lt;ForWorker&gt;b__c()
   at System.Threading.Tasks.Task.InnerInvoke()
   at System.Threading.Tasks.Task.InnerInvokeWithArg(Task childTask)
   at System.Threading.Tasks.Task.&lt;&gt;c__DisplayClass7.&lt;ExecuteSelfReplicating&gt;b__6(Object )
 --- End of inner exception stack trace ---
    at System.Threading.Tasks.Task.ThrowIfExceptional(Boolean includeTaskCanceledExceptions)
   at System.Threading.Tasks.Task.Wait(Int32 millisecondsTimeout, CancellationToken cancellationToken)
   at System.Threading.Tasks.Parallel.ForWorker[TLocal](Int32 fromInclusive, Int32 toExclusive, ParallelOptions parallelOptions, Action`1 body, Action`2 bodyWithState, Func`4 bodyWithLocal, Func`1 localInit, Action`1 localFinally)
   at System.Threading.Tasks.Parallel.For(Int32 fromInclusive, Int32 toExclusive, Action`1 body)
   at FileLoggerSample.Impl.NumbersToTextFileAsync.WriteNumbersToFile() in C:\Users\Steve\Documents\My Dropbox\PluralsightCurrent\007 - Singleton Pattern\Demo\FileLogger\Impl\NumbersToTextFileAsync.cs:line 29
   at Tests.GivenMultipleThreadsFileLoggerShould.LogNumbers() in C:\Users\Steve\Documents\My Dropbox\PluralsightCurrent\007 - Singleton Pattern\Demo\UnitTests\GivenMultipleThreadsFileLoggerShould.cs:line 37
   at Tests.GivenMultipleThreadsFileLoggerShould.LogNumbersWithInstanceFileLogger() in C:\Users\Steve\Documents\My Dropbox\PluralsightCurrent\007 - Singleton Pattern\Demo\UnitTests\GivenMultipleThreadsFileLoggerShould.cs:line 44
</StackTrace>
        </ErrorInfo>
      </Output>
    </UnitTestResult>
  </Results>
</TestRun>