<?xml version="1.0" encoding="UTF-8"?>
<TestRun id="c9ec37ff-0a96-44fd-8097-81dad1f8e9ee" name="Steve@STEVEIBPDESKTOP 2010-11-21 13:55:23" runUser="SteveIBPDesktop\Steve" xmlns="http://microsoft.com/schemas/VisualStudio/TeamTest/2010">
  <TestSettings name="Local" id="60c2b78c-affc-4f37-9333-f6ec362971eb">
    <Description>These are default test settings for a local test run.</Description>
    <Deployment enabled="false" runDeploymentRoot="Steve_STEVEIBPDESKTOP 2010-11-21 13_55_23" />
    <Execution>
      <TestTypeSpecific />
      <AgentRule name="Execution Agents">
      </AgentRule>
    </Execution>
  </TestSettings>
  <Times creation="2010-11-21T13:55:23.4648437-05:00" queuing="2010-11-21T13:55:23.6914062-05:00" start="2010-11-21T13:55:23.8349609-05:00" finish="2010-11-21T13:55:24.4150390-05:00" />
  <ResultSummary outcome="Failed">
    <Counters total="9" executed="9" passed="2" error="0" failed="7" timeout="0" aborted="0" inconclusive="0" passedButRunAborted="0" notRunnable="0" notExecuted="0" disconnected="0" warning="0" completed="0" inProgress="0" pending="0" />
  </ResultSummary>
  <TestDefinitions>
    <UnitTest name="LogNumbersWithSingletonFileLogger" storage="c:\users\steve\documents\visual studio 2010\projects\filelogger\unittests\bin\debug\unittests.dll" id="ae8f5fdb-5a80-0124-c03c-b3d6be5a8e61">
      <Execution timeOut="1800000" id="32571665-9775-4319-8c9e-3ac600e5a7c2" />
      <TestMethod codeBase="c:/users/steve/documents/visual studio 2010/Projects/FileLogger/UnitTests/bin/Debug/UnitTests.DLL" adapterTypeName="Microsoft.VisualStudio.TestTools.TestTypes.Unit.UnitTestAdapter, Microsoft.VisualStudio.QualityTools.Tips.UnitTest.Adapter, Version=10.0.0.0, Culture=neutral, PublicKeyToken=b03f5f7f11d50a3a" className="UnitTests.GivenSingleThreadFileLoggerShould, UnitTests, Version=1.0.0.0, Culture=neutral, PublicKeyToken=null" name="LogNumbersWithSingletonFileLogger" />
    </UnitTest>
    <UnitTest name="LogNumbersWithInstanceFileLogger" storage="c:\users\steve\documents\visual studio 2010\projects\filelogger\unittests\bin\debug\unittests.dll" id="fbf7f857-79de-08f2-9e81-b56c8176055a">
      <Execution timeOut="1800000" id="15d6a526-070d-45f6-84a6-1ada69fb1f8a" />
      <TestMethod codeBase="c:/users/steve/documents/visual studio 2010/Projects/FileLogger/UnitTests/bin/Debug/UnitTests.DLL" adapterTypeName="Microsoft.VisualStudio.TestTools.TestTypes.Unit.UnitTestAdapter, Microsoft.VisualStudio.QualityTools.Tips.UnitTest.Adapter, Version=10.0.0.0, Culture=neutral, PublicKeyToken=b03f5f7f11d50a3a" className="UnitTests.GivenSingleThreadFileLoggerShould, UnitTests, Version=1.0.0.0, Culture=neutral, PublicKeyToken=null" name="LogNumbersWithInstanceFileLogger" />
    </UnitTest>
    <UnitTest name="LogNumbersWithLockedSingletonFileLogger" storage="c:\users\steve\documents\visual studio 2010\projects\filelogger\unittests\bin\debug\unittests.dll" id="8dfa8e08-8bc4-1574-c18b-3d48482f6fa8">
      <Execution timeOut="1800000" id="2db40970-bdd0-4e7a-8ea9-977c14f08be4" />
      <TestMethod codeBase="c:/users/steve/documents/visual studio 2010/Projects/FileLogger/UnitTests/bin/Debug/UnitTests.DLL" adapterTypeName="Microsoft.VisualStudio.TestTools.TestTypes.Unit.UnitTestAdapter, Microsoft.VisualStudio.QualityTools.Tips.UnitTest.Adapter, Version=10.0.0.0, Culture=neutral, PublicKeyToken=b03f5f7f11d50a3a" className="UnitTests.GivenMultipleThreadsFileLoggerShould, UnitTests, Version=1.0.0.0, Culture=neutral, PublicKeyToken=null" name="LogNumbersWithLockedSingletonFileLogger" />
    </UnitTest>
    <UnitTest name="LogNumbersWithInstanceFileLogger" storage="c:\users\steve\documents\visual studio 2010\projects\filelogger\unittests\bin\debug\unittests.dll" id="e58f3d8c-ab7b-38fc-be49-9c3b34a1c06b">
      <Execution timeOut="1800000" id="d1d547d6-15f4-4811-90a2-f3fa7d57bd6f" />
      <TestMethod codeBase="c:/users/steve/documents/visual studio 2010/Projects/FileLogger/UnitTests/bin/Debug/UnitTests.DLL" adapterTypeName="Microsoft.VisualStudio.TestTools.TestTypes.Unit.UnitTestAdapter, Microsoft.VisualStudio.QualityTools.Tips.UnitTest.Adapter, Version=10.0.0.0, Culture=neutral, PublicKeyToken=b03f5f7f11d50a3a" className="UnitTests.GivenMultipleThreadsFileLoggerShould, UnitTests, Version=1.0.0.0, Culture=neutral, PublicKeyToken=null" name="LogNumbersWithInstanceFileLogger" />
    </UnitTest>
    <UnitTest name="LogNumbersWithDoubleCheckLockedSingletonFileLogger" storage="c:\users\steve\documents\visual studio 2010\projects\filelogger\unittests\bin\debug\unittests.dll" id="13da457a-de1a-d177-f733-d21a9ae13cab">
      <Execution timeOut="1800000" id="e9053b54-3eec-4876-ae50-cc741c6e530e" />
      <TestMethod codeBase="c:/users/steve/documents/visual studio 2010/Projects/FileLogger/UnitTests/bin/Debug/UnitTests.DLL" adapterTypeName="Microsoft.VisualStudio.TestTools.TestTypes.Unit.UnitTestAdapter, Microsoft.VisualStudio.QualityTools.Tips.UnitTest.Adapter, Version=10.0.0.0, Culture=neutral, PublicKeyToken=b03f5f7f11d50a3a" className="UnitTests.GivenMultipleThreadsFileLoggerShould, UnitTests, Version=1.0.0.0, Culture=neutral, PublicKeyToken=null" name="LogNumbersWithDoubleCheckLockedSingletonFileLogger" />
    </UnitTest>
    <UnitTest name="LogNumbersWithLazySingletonFileLogger" storage="c:\users\steve\documents\visual studio 2010\projects\filelogger\unittests\bin\debug\unittests.dll" id="c60ed6d3-3496-0613-9c00-fa196c8d3602">
      <Execution timeOut="1800000" id="0783b9a2-3776-4c8e-b88d-d527327ce425" />
      <TestMethod codeBase="c:/users/steve/documents/visual studio 2010/Projects/FileLogger/UnitTests/bin/Debug/UnitTests.DLL" adapterTypeName="Microsoft.VisualStudio.TestTools.TestTypes.Unit.UnitTestAdapter, Microsoft.VisualStudio.QualityTools.Tips.UnitTest.Adapter, Version=10.0.0.0, Culture=neutral, PublicKeyToken=b03f5f7f11d50a3a" className="UnitTests.GivenSingleThreadFileLoggerShould, UnitTests, Version=1.0.0.0, Culture=neutral, PublicKeyToken=null" name="LogNumbersWithLazySingletonFileLogger" />
    </UnitTest>
    <UnitTest name="LogNumbersWithDoubleCheckLockedSingletonFileLogger" storage="c:\users\steve\documents\visual studio 2010\projects\filelogger\unittests\bin\debug\unittests.dll" id="3651180b-d929-b8db-ad01-d5dcbe714c12">
      <Execution timeOut="1800000" id="7952da18-1b98-4128-bf45-47dd1fa6b5d6" />
      <TestMethod codeBase="c:/users/steve/documents/visual studio 2010/Projects/FileLogger/UnitTests/bin/Debug/UnitTests.DLL" adapterTypeName="Microsoft.VisualStudio.TestTools.TestTypes.Unit.UnitTestAdapter, Microsoft.VisualStudio.QualityTools.Tips.UnitTest.Adapter, Version=10.0.0.0, Culture=neutral, PublicKeyToken=b03f5f7f11d50a3a" className="UnitTests.GivenSingleThreadFileLoggerShould, UnitTests, Version=1.0.0.0, Culture=neutral, PublicKeyToken=null" name="LogNumbersWithDoubleCheckLockedSingletonFileLogger" />
    </UnitTest>
    <UnitTest name="LogNumbersWithLazySingletonFileLogger" storage="c:\users\steve\documents\visual studio 2010\projects\filelogger\unittests\bin\debug\unittests.dll" id="cf973075-79de-8e47-f55e-276afa057e7c">
      <Execution timeOut="1800000" id="7fce9bf1-6824-485d-bf94-25e564608958" />
      <TestMethod codeBase="c:/users/steve/documents/visual studio 2010/Projects/FileLogger/UnitTests/bin/Debug/UnitTests.DLL" adapterTypeName="Microsoft.VisualStudio.TestTools.TestTypes.Unit.UnitTestAdapter, Microsoft.VisualStudio.QualityTools.Tips.UnitTest.Adapter, Version=10.0.0.0, Culture=neutral, PublicKeyToken=b03f5f7f11d50a3a" className="UnitTests.GivenMultipleThreadsFileLoggerShould, UnitTests, Version=1.0.0.0, Culture=neutral, PublicKeyToken=null" name="LogNumbersWithLazySingletonFileLogger" />
    </UnitTest>
    <UnitTest name="LogNumbersWithLockedSingletonFileLogger" storage="c:\users\steve\documents\visual studio 2010\projects\filelogger\unittests\bin\debug\unittests.dll" id="89b81e32-42db-a649-acea-f2a6be4f6c25">
      <Execution timeOut="1800000" id="54491b55-ddaa-4b7a-b7b2-5da67db0ee9d" />
      <TestMethod codeBase="c:/users/steve/documents/visual studio 2010/Projects/FileLogger/UnitTests/bin/Debug/UnitTests.DLL" adapterTypeName="Microsoft.VisualStudio.TestTools.TestTypes.Unit.UnitTestAdapter, Microsoft.VisualStudio.QualityTools.Tips.UnitTest.Adapter, Version=10.0.0.0, Culture=neutral, PublicKeyToken=b03f5f7f11d50a3a" className="UnitTests.GivenSingleThreadFileLoggerShould, UnitTests, Version=1.0.0.0, Culture=neutral, PublicKeyToken=null" name="LogNumbersWithLockedSingletonFileLogger" />
    </UnitTest>
  </TestDefinitions>
  <TestLists>
    <TestList name="Results Not in a List" id="8c84fa94-04c1-424b-9868-57a2d4851a1d" />
    <TestList name="All Loaded Results" id="19431567-8539-422a-85d7-44ee4e166bda" />
  </TestLists>
  <TestEntries>
    <TestEntry testId="13da457a-de1a-d177-f733-d21a9ae13cab" executionId="e9053b54-3eec-4876-ae50-cc741c6e530e" testListId="8c84fa94-04c1-424b-9868-57a2d4851a1d" />
    <TestEntry testId="e58f3d8c-ab7b-38fc-be49-9c3b34a1c06b" executionId="d1d547d6-15f4-4811-90a2-f3fa7d57bd6f" testListId="8c84fa94-04c1-424b-9868-57a2d4851a1d" />
    <TestEntry testId="cf973075-79de-8e47-f55e-276afa057e7c" executionId="7fce9bf1-6824-485d-bf94-25e564608958" testListId="8c84fa94-04c1-424b-9868-57a2d4851a1d" />
    <TestEntry testId="8dfa8e08-8bc4-1574-c18b-3d48482f6fa8" executionId="2db40970-bdd0-4e7a-8ea9-977c14f08be4" testListId="8c84fa94-04c1-424b-9868-57a2d4851a1d" />
    <TestEntry testId="3651180b-d929-b8db-ad01-d5dcbe714c12" executionId="7952da18-1b98-4128-bf45-47dd1fa6b5d6" testListId="8c84fa94-04c1-424b-9868-57a2d4851a1d" />
    <TestEntry testId="fbf7f857-79de-08f2-9e81-b56c8176055a" executionId="15d6a526-070d-45f6-84a6-1ada69fb1f8a" testListId="8c84fa94-04c1-424b-9868-57a2d4851a1d" />
    <TestEntry testId="c60ed6d3-3496-0613-9c00-fa196c8d3602" executionId="0783b9a2-3776-4c8e-b88d-d527327ce425" testListId="8c84fa94-04c1-424b-9868-57a2d4851a1d" />
    <TestEntry testId="89b81e32-42db-a649-acea-f2a6be4f6c25" executionId="54491b55-ddaa-4b7a-b7b2-5da67db0ee9d" testListId="8c84fa94-04c1-424b-9868-57a2d4851a1d" />
    <TestEntry testId="ae8f5fdb-5a80-0124-c03c-b3d6be5a8e61" executionId="32571665-9775-4319-8c9e-3ac600e5a7c2" testListId="8c84fa94-04c1-424b-9868-57a2d4851a1d" />
  </TestEntries>
  <Results>
    <UnitTestResult executionId="e9053b54-3eec-4876-ae50-cc741c6e530e" testId="13da457a-de1a-d177-f733-d21a9ae13cab" testName="LogNumbersWithDoubleCheckLockedSingletonFileLogger" computerName="STEVEIBPDESKTOP" duration="00:00:00.1652914" startTime="2010-11-21T13:55:23.8691406-05:00" endTime="2010-11-21T13:55:24.0839843-05:00" testType="13cdc9d9-ddb5-4fa4-a97d-d965ccfc6d4b" outcome="Passed" testListId="8c84fa94-04c1-424b-9868-57a2d4851a1d" relativeResultsDirectory="e9053b54-3eec-4876-ae50-cc741c6e530e">
      <Output>
        <StdOut>Begin Logging to File
........................................................................................................................................................................................................................................................................................................................................................................................................................................................................................................................................................................................................................................................................................................................................................................................................................................................................................................................................................................................................................................</StdOut>
      </Output>
    </UnitTestResult>
    <UnitTestResult executionId="d1d547d6-15f4-4811-90a2-f3fa7d57bd6f" testId="e58f3d8c-ab7b-38fc-be49-9c3b34a1c06b" testName="LogNumbersWithInstanceFileLogger" computerName="STEVEIBPDESKTOP" duration="00:00:00.0384601" startTime="2010-11-21T13:55:24.0849609-05:00" endTime="2010-11-21T13:55:24.1240234-05:00" testType="13cdc9d9-ddb5-4fa4-a97d-d965ccfc6d4b" outcome="Failed" testListId="8c84fa94-04c1-424b-9868-57a2d4851a1d" relativeResultsDirectory="d1d547d6-15f4-4811-90a2-f3fa7d57bd6f">
      <Output>
        <StdOut>Begin Logging to File
..................................</StdOut>
        <ErrorInfo>
          <Message>Test method UnitTests.GivenMultipleThreadsFileLoggerShould.LogNumbersWithInstanceFileLogger threw exception: 
System.AggregateException: One or more errors occurred. ---&gt; System.IO.IOException: The process cannot access the file 'c:\logfile.txt' because it is being used by another process.
TestCleanup method UnitTests.GivenMultipleThreadsFileLoggerShould.CleanUp threw exception. System.IO.IOException: System.IO.IOException: The process cannot access the file 'c:\logfile.txt' because it is being used by another process..</Message>
          <StackTrace>    at System.IO.__Error.WinIOError(Int32 errorCode, String maybeFullPath)
   at System.IO.FileStream.Init(String path, FileMode mode, FileAccess access, Int32 rights, Boolean useRights, FileShare share, Int32 bufferSize, FileOptions options, SECURITY_ATTRIBUTES secAttrs, String msgPath, Boolean bFromProxy, Boolean useLongPath)
   at System.IO.FileStream..ctor(String path, FileMode mode, FileAccess access, FileShare share, Int32 bufferSize, FileOptions options)
   at System.IO.StreamWriter.CreateFile(String path, Boolean append)
   at System.IO.StreamWriter..ctor(String path, Boolean append, Encoding encoding, Int32 bufferSize)
   at System.IO.StreamWriter..ctor(String path, Boolean append)
   at System.IO.File.AppendText(String path)
   at FileLoggerSample.Impl.FileLoggers.BaseFileLogger.GetFileStream() in c:\users\steve\documents\visual studio 2010\Projects\FileLogger\FileLogger\Impl\FileLoggers\BaseFileLogger.cs:line 39
   at FileLoggerSample.Impl.FileLoggers.BaseFileLogger..ctor(IDelayConfig delayConfig) in c:\users\steve\documents\visual studio 2010\Projects\FileLogger\FileLogger\Impl\FileLoggers\BaseFileLogger.cs:line 23
   at FileLoggerSample.Impl.FileLoggers.BaseFileLogger..ctor() in c:\users\steve\documents\visual studio 2010\Projects\FileLogger\FileLogger\Impl\FileLoggers\BaseFileLogger.cs:line 16
   at FileLoggerSample.Impl.FileLoggers.FileLogger..ctor()
   at FileLoggerSample.Impl.Factories.InstanceFileLoggerFactory.Create() in c:\users\steve\documents\visual studio 2010\Projects\FileLogger\FileLogger\Impl\Factories\InstanceFileLoggerFactory.cs:line 10
   at FileLoggerSample.Impl.NumbersToTextFileAsync.&lt;&gt;c__DisplayClass1.&lt;WriteNumbersToFile&gt;b__0(Int32 i) in c:\users\steve\documents\visual studio 2010\Projects\FileLogger\FileLogger\Impl\NumbersToTextFileAsync.cs:line 24
   at System.Threading.Tasks.Parallel.&lt;&gt;c__DisplayClassf`1.&lt;ForWorker&gt;b__c()
   at System.Threading.Tasks.Task.InnerInvoke()
   at System.Threading.Tasks.Task.InnerInvokeWithArg(Task childTask)
   at System.Threading.Tasks.Task.&lt;&gt;c__DisplayClass7.&lt;ExecuteSelfReplicating&gt;b__6(Object )
 --- End of inner exception stack trace ---
    at System.Threading.Tasks.Task.ThrowIfExceptional(Boolean includeTaskCanceledExceptions)
   at System.Threading.Tasks.Task.Wait(Int32 millisecondsTimeout, CancellationToken cancellationToken)
   at System.Threading.Tasks.Parallel.ForWorker[TLocal](Int32 fromInclusive, Int32 toExclusive, ParallelOptions parallelOptions, Action`1 body, Action`2 bodyWithState, Func`4 bodyWithLocal, Func`1 localInit, Action`1 localFinally)
   at System.Threading.Tasks.Parallel.For(Int32 fromInclusive, Int32 toExclusive, Action`1 body)
   at FileLoggerSample.Impl.NumbersToTextFileAsync.WriteNumbersToFile() in c:\users\steve\documents\visual studio 2010\Projects\FileLogger\FileLogger\Impl\NumbersToTextFileAsync.cs:line 29
   at UnitTests.GivenMultipleThreadsFileLoggerShould.LogNumbers() in c:\users\steve\documents\visual studio 2010\Projects\FileLogger\UnitTests\GivenMultipleThreadsFileLoggerShould.cs:line 37
   at UnitTests.GivenMultipleThreadsFileLoggerShould.LogNumbersWithInstanceFileLogger() in c:\users\steve\documents\visual studio 2010\Projects\FileLogger\UnitTests\GivenMultipleThreadsFileLoggerShould.cs:line 44

TestCleanup Stack Trace
    at System.IO.__Error.WinIOError(Int32 errorCode, String maybeFullPath)
   at System.IO.File.Delete(String path)
   at UnitTests.GivenMultipleThreadsFileLoggerShould.CleanUp() in c:\users\steve\documents\visual studio 2010\Projects\FileLogger\UnitTests\GivenMultipleThreadsFileLoggerShould.cs:line 30
</StackTrace>
        </ErrorInfo>
      </Output>
    </UnitTestResult>
    <UnitTestResult executionId="7fce9bf1-6824-485d-bf94-25e564608958" testId="cf973075-79de-8e47-f55e-276afa057e7c" testName="LogNumbersWithLazySingletonFileLogger" computerName="STEVEIBPDESKTOP" duration="00:00:00.0139269" startTime="2010-11-21T13:55:24.1250000-05:00" endTime="2010-11-21T13:55:24.1386718-05:00" testType="13cdc9d9-ddb5-4fa4-a97d-d965ccfc6d4b" outcome="Failed" testListId="8c84fa94-04c1-424b-9868-57a2d4851a1d" relativeResultsDirectory="7fce9bf1-6824-485d-bf94-25e564608958">
      <Output>
        <StdOut>Begin Logging to File
.................................</StdOut>
        <ErrorInfo>
          <Message>Test method UnitTests.GivenMultipleThreadsFileLoggerShould.LogNumbersWithLazySingletonFileLogger threw exception: 
System.AggregateException: One or more errors occurred. ---&gt; System.TypeInitializationException: The type initializer for 'Nested' threw an exception. ---&gt; System.IO.IOException: The process cannot access the file 'c:\logfile.txt' because it is being used by another process.
TestCleanup method UnitTests.GivenMultipleThreadsFileLoggerShould.CleanUp threw exception. System.IO.IOException: System.IO.IOException: The process cannot access the file 'c:\logfile.txt' because it is being used by another process..</Message>
          <StackTrace>    at System.IO.__Error.WinIOError(Int32 errorCode, String maybeFullPath)
   at System.IO.FileStream.Init(String path, FileMode mode, FileAccess access, Int32 rights, Boolean useRights, FileShare share, Int32 bufferSize, FileOptions options, SECURITY_ATTRIBUTES secAttrs, String msgPath, Boolean bFromProxy, Boolean useLongPath)
   at System.IO.FileStream..ctor(String path, FileMode mode, FileAccess access, FileShare share, Int32 bufferSize, FileOptions options)
   at System.IO.StreamWriter.CreateFile(String path, Boolean append)
   at System.IO.StreamWriter..ctor(String path, Boolean append, Encoding encoding, Int32 bufferSize)
   at System.IO.StreamWriter..ctor(String path, Boolean append)
   at System.IO.File.AppendText(String path)
   at FileLoggerSample.Impl.FileLoggers.BaseFileLogger.GetFileStream() in c:\users\steve\documents\visual studio 2010\Projects\FileLogger\FileLogger\Impl\FileLoggers\BaseFileLogger.cs:line 39
   at FileLoggerSample.Impl.FileLoggers.BaseFileLogger..ctor(IDelayConfig delayConfig) in c:\users\steve\documents\visual studio 2010\Projects\FileLogger\FileLogger\Impl\FileLoggers\BaseFileLogger.cs:line 23
   at FileLoggerSample.Impl.FileLoggers.BaseFileLogger..ctor() in c:\users\steve\documents\visual studio 2010\Projects\FileLogger\FileLogger\Impl\FileLoggers\BaseFileLogger.cs:line 16
   at FileLoggerSample.Impl.FileLoggers.FileLoggerLazySingleton..ctor() in c:\users\steve\documents\visual studio 2010\Projects\FileLogger\FileLogger\Impl\FileLoggers\FileLoggerLazySingleton.cs:line 8
   at FileLoggerSample.Impl.FileLoggers.FileLoggerLazySingleton.Nested..cctor() in c:\users\steve\documents\visual studio 2010\Projects\FileLogger\FileLogger\Impl\FileLoggers\FileLoggerLazySingleton.cs:line 28
 --- End of inner exception stack trace ---
    at FileLoggerSample.Impl.FileLoggers.FileLoggerLazySingleton.get_Instance() in c:\users\steve\documents\visual studio 2010\Projects\FileLogger\FileLogger\Impl\FileLoggers\FileLoggerLazySingleton.cs:line 17
   at FileLoggerSample.Impl.Factories.LazySingletonFileLoggerFactory.Create() in c:\users\steve\documents\visual studio 2010\Projects\FileLogger\FileLogger\Impl\Factories\LazySingletonFileLoggerFactory.cs:line 10
   at FileLoggerSample.Impl.NumbersToTextFileAsync.&lt;&gt;c__DisplayClass1.&lt;WriteNumbersToFile&gt;b__0(Int32 i) in c:\users\steve\documents\visual studio 2010\Projects\FileLogger\FileLogger\Impl\NumbersToTextFileAsync.cs:line 24
   at System.Threading.Tasks.Parallel.&lt;&gt;c__DisplayClassf`1.&lt;ForWorker&gt;b__c()
   at System.Threading.Tasks.Task.InnerInvoke()
   at System.Threading.Tasks.Task.InnerInvokeWithArg(Task childTask)
   at System.Threading.Tasks.Task.&lt;&gt;c__DisplayClass7.&lt;ExecuteSelfReplicating&gt;b__6(Object )
 --- End of inner exception stack trace ---
    at System.Threading.Tasks.Task.ThrowIfExceptional(Boolean includeTaskCanceledExceptions)
   at System.Threading.Tasks.Task.Wait(Int32 millisecondsTimeout, CancellationToken cancellationToken)
   at System.Threading.Tasks.Parallel.ForWorker[TLocal](Int32 fromInclusive, Int32 toExclusive, ParallelOptions parallelOptions, Action`1 body, Action`2 bodyWithState, Func`4 bodyWithLocal, Func`1 localInit, Action`1 localFinally)
   at System.Threading.Tasks.Parallel.For(Int32 fromInclusive, Int32 toExclusive, Action`1 body)
   at FileLoggerSample.Impl.NumbersToTextFileAsync.WriteNumbersToFile() in c:\users\steve\documents\visual studio 2010\Projects\FileLogger\FileLogger\Impl\NumbersToTextFileAsync.cs:line 29
   at UnitTests.GivenMultipleThreadsFileLoggerShould.LogNumbers() in c:\users\steve\documents\visual studio 2010\Projects\FileLogger\UnitTests\GivenMultipleThreadsFileLoggerShould.cs:line 37
   at UnitTests.GivenMultipleThreadsFileLoggerShould.LogNumbersWithLazySingletonFileLogger() in c:\users\steve\documents\visual studio 2010\Projects\FileLogger\UnitTests\GivenMultipleThreadsFileLoggerShould.cs:line 73

TestCleanup Stack Trace
    at System.IO.__Error.WinIOError(Int32 errorCode, String maybeFullPath)
   at System.IO.File.Delete(String path)
   at UnitTests.GivenMultipleThreadsFileLoggerShould.CleanUp() in c:\users\steve\documents\visual studio 2010\Projects\FileLogger\UnitTests\GivenMultipleThreadsFileLoggerShould.cs:line 30
</StackTrace>
        </ErrorInfo>
      </Output>
    </UnitTestResult>
    <UnitTestResult executionId="2db40970-bdd0-4e7a-8ea9-977c14f08be4" testId="8dfa8e08-8bc4-1574-c18b-3d48482f6fa8" testName="LogNumbersWithLockedSingletonFileLogger" computerName="STEVEIBPDESKTOP" duration="00:00:00.1791145" startTime="2010-11-21T13:55:24.1396484-05:00" endTime="2010-11-21T13:55:24.3193359-05:00" testType="13cdc9d9-ddb5-4fa4-a97d-d965ccfc6d4b" outcome="Failed" testListId="8c84fa94-04c1-424b-9868-57a2d4851a1d" relativeResultsDirectory="2db40970-bdd0-4e7a-8ea9-977c14f08be4">
      <Output>
        <StdOut>Begin Logging to File
..............................</StdOut>
        <ErrorInfo>
          <Message>Test method UnitTests.GivenMultipleThreadsFileLoggerShould.LogNumbersWithLockedSingletonFileLogger threw exception: 
System.AggregateException: One or more errors occurred. ---&gt; System.IO.IOException: The process cannot access the file 'c:\logfile.txt' because it is being used by another process.
TestCleanup method UnitTests.GivenMultipleThreadsFileLoggerShould.CleanUp threw exception. System.IO.IOException: System.IO.IOException: The process cannot access the file 'c:\logfile.txt' because it is being used by another process..</Message>
          <StackTrace>    at System.IO.__Error.WinIOError(Int32 errorCode, String maybeFullPath)
   at System.IO.FileStream.Init(String path, FileMode mode, FileAccess access, Int32 rights, Boolean useRights, FileShare share, Int32 bufferSize, FileOptions options, SECURITY_ATTRIBUTES secAttrs, String msgPath, Boolean bFromProxy, Boolean useLongPath)
   at System.IO.FileStream..ctor(String path, FileMode mode, FileAccess access, FileShare share, Int32 bufferSize, FileOptions options)
   at System.IO.StreamWriter.CreateFile(String path, Boolean append)
   at System.IO.StreamWriter..ctor(String path, Boolean append, Encoding encoding, Int32 bufferSize)
   at System.IO.StreamWriter..ctor(String path, Boolean append)
   at System.IO.File.AppendText(String path)
   at FileLoggerSample.Impl.FileLoggers.BaseFileLogger.GetFileStream() in c:\users\steve\documents\visual studio 2010\Projects\FileLogger\FileLogger\Impl\FileLoggers\BaseFileLogger.cs:line 39
   at FileLoggerSample.Impl.FileLoggers.BaseFileLogger..ctor(IDelayConfig delayConfig) in c:\users\steve\documents\visual studio 2010\Projects\FileLogger\FileLogger\Impl\FileLoggers\BaseFileLogger.cs:line 23
   at FileLoggerSample.Impl.FileLoggers.BaseFileLogger..ctor() in c:\users\steve\documents\visual studio 2010\Projects\FileLogger\FileLogger\Impl\FileLoggers\BaseFileLogger.cs:line 16
   at FileLoggerSample.Impl.FileLoggers.FileLoggerThreadSafeSingleton..ctor() in c:\users\steve\documents\visual studio 2010\Projects\FileLogger\FileLogger\Impl\FileLoggers\FileLoggerThreadSafeSingleton.cs:line 12
   at FileLoggerSample.Impl.FileLoggers.FileLoggerThreadSafeSingleton.get_Instance() in c:\users\steve\documents\visual studio 2010\Projects\FileLogger\FileLogger\Impl\FileLoggers\FileLoggerThreadSafeSingleton.cs:line 25
   at FileLoggerSample.Impl.Factories.LockedSingletonFileLoggerFactory.Create() in c:\users\steve\documents\visual studio 2010\Projects\FileLogger\FileLogger\Impl\Factories\LockedSingletonFileLoggerFactory.cs:line 10
   at FileLoggerSample.Impl.NumbersToTextFileAsync.&lt;&gt;c__DisplayClass1.&lt;WriteNumbersToFile&gt;b__0(Int32 i) in c:\users\steve\documents\visual studio 2010\Projects\FileLogger\FileLogger\Impl\NumbersToTextFileAsync.cs:line 24
   at System.Threading.Tasks.Parallel.&lt;&gt;c__DisplayClassf`1.&lt;ForWorker&gt;b__c()
   at System.Threading.Tasks.Task.InnerInvoke()
   at System.Threading.Tasks.Task.InnerInvokeWithArg(Task childTask)
   at System.Threading.Tasks.Task.&lt;&gt;c__DisplayClass7.&lt;ExecuteSelfReplicating&gt;b__6(Object )
 --- End of inner exception stack trace ---
    at System.Threading.Tasks.Task.ThrowIfExceptional(Boolean includeTaskCanceledExceptions)
   at System.Threading.Tasks.Task.Wait(Int32 millisecondsTimeout, CancellationToken cancellationToken)
   at System.Threading.Tasks.Parallel.ForWorker[TLocal](Int32 fromInclusive, Int32 toExclusive, ParallelOptions parallelOptions, Action`1 body, Action`2 bodyWithState, Func`4 bodyWithLocal, Func`1 localInit, Action`1 localFinally)
   at System.Threading.Tasks.Parallel.For(Int32 fromInclusive, Int32 toExclusive, Action`1 body)
   at FileLoggerSample.Impl.NumbersToTextFileAsync.WriteNumbersToFile() in c:\users\steve\documents\visual studio 2010\Projects\FileLogger\FileLogger\Impl\NumbersToTextFileAsync.cs:line 29
   at UnitTests.GivenMultipleThreadsFileLoggerShould.LogNumbers() in c:\users\steve\documents\visual studio 2010\Projects\FileLogger\UnitTests\GivenMultipleThreadsFileLoggerShould.cs:line 37
   at UnitTests.GivenMultipleThreadsFileLoggerShould.LogNumbersWithLockedSingletonFileLogger() in c:\users\steve\documents\visual studio 2010\Projects\FileLogger\UnitTests\GivenMultipleThreadsFileLoggerShould.cs:line 59

TestCleanup Stack Trace
    at System.IO.__Error.WinIOError(Int32 errorCode, String maybeFullPath)
   at System.IO.File.Delete(String path)
   at UnitTests.GivenMultipleThreadsFileLoggerShould.CleanUp() in c:\users\steve\documents\visual studio 2010\Projects\FileLogger\UnitTests\GivenMultipleThreadsFileLoggerShould.cs:line 30
</StackTrace>
        </ErrorInfo>
      </Output>
    </UnitTestResult>
    <UnitTestResult executionId="7952da18-1b98-4128-bf45-47dd1fa6b5d6" testId="3651180b-d929-b8db-ad01-d5dcbe714c12" testName="LogNumbersWithDoubleCheckLockedSingletonFileLogger" computerName="STEVEIBPDESKTOP" duration="00:00:00.0059941" startTime="2010-11-21T13:55:24.3203125-05:00" endTime="2010-11-21T13:55:24.3271484-05:00" testType="13cdc9d9-ddb5-4fa4-a97d-d965ccfc6d4b" outcome="Failed" testListId="8c84fa94-04c1-424b-9868-57a2d4851a1d" relativeResultsDirectory="7952da18-1b98-4128-bf45-47dd1fa6b5d6">
      <Output>
        <StdOut>Begin Logging to File
.</StdOut>
        <ErrorInfo>
          <Message>Test method UnitTests.GivenSingleThreadFileLoggerShould.LogNumbersWithDoubleCheckLockedSingletonFileLogger threw exception: 
System.ObjectDisposedException: Cannot write to a closed TextWriter.
TestCleanup method UnitTests.GivenSingleThreadFileLoggerShould.CleanUp threw exception. System.IO.IOException: System.IO.IOException: The process cannot access the file 'c:\logfile.txt' because it is being used by another process..</Message>
          <StackTrace>    at System.IO.__Error.WriterClosed()
   at System.IO.StreamWriter.Flush(Boolean flushStream, Boolean flushEncoder)
   at System.IO.StreamWriter.Write(Char[] buffer, Int32 index, Int32 count)
   at System.IO.TextWriter.WriteLine(String value)
   at System.IO.TextWriter.SyncTextWriter.WriteLine(String value)
   at FileLoggerSample.Impl.FileLoggers.BaseFileLogger.WriteLineToFile(String value) in c:\users\steve\documents\visual studio 2010\Projects\FileLogger\FileLogger\Impl\FileLoggers\BaseFileLogger.cs:line 28
   at FileLoggerSample.Impl.NumbersToTextFile.WriteNumbersToFile() in c:\users\steve\documents\visual studio 2010\Projects\FileLogger\FileLogger\Impl\NumbersToTextFile.cs:line 24
   at UnitTests.GivenSingleThreadFileLoggerShould.LogNumbers() in c:\users\steve\documents\visual studio 2010\Projects\FileLogger\UnitTests\GivenSingleThreadFileLoggerShould.cs:line 38
   at UnitTests.GivenSingleThreadFileLoggerShould.LogNumbersWithDoubleCheckLockedSingletonFileLogger() in c:\users\steve\documents\visual studio 2010\Projects\FileLogger\UnitTests\GivenSingleThreadFileLoggerShould.cs:line 66

TestCleanup Stack Trace
    at System.IO.__Error.WinIOError(Int32 errorCode, String maybeFullPath)
   at System.IO.File.Delete(String path)
   at UnitTests.GivenSingleThreadFileLoggerShould.CleanUp() in c:\users\steve\documents\visual studio 2010\Projects\FileLogger\UnitTests\GivenSingleThreadFileLoggerShould.cs:line 30
</StackTrace>
        </ErrorInfo>
      </Output>
    </UnitTestResult>
    <UnitTestResult executionId="15d6a526-070d-45f6-84a6-1ada69fb1f8a" testId="fbf7f857-79de-08f2-9e81-b56c8176055a" testName="LogNumbersWithInstanceFileLogger" computerName="STEVEIBPDESKTOP" duration="00:00:00.0086221" startTime="2010-11-21T13:55:24.3271484-05:00" endTime="2010-11-21T13:55:24.3369140-05:00" testType="13cdc9d9-ddb5-4fa4-a97d-d965ccfc6d4b" outcome="Failed" testListId="8c84fa94-04c1-424b-9868-57a2d4851a1d" relativeResultsDirectory="15d6a526-070d-45f6-84a6-1ada69fb1f8a">
      <Output>
        <StdOut>Begin Logging to File
.</StdOut>
        <ErrorInfo>
          <Message>Test method UnitTests.GivenSingleThreadFileLoggerShould.LogNumbersWithInstanceFileLogger threw exception: 
System.IO.IOException: The process cannot access the file 'c:\logfile.txt' because it is being used by another process.
TestCleanup method UnitTests.GivenSingleThreadFileLoggerShould.CleanUp threw exception. System.IO.IOException: System.IO.IOException: The process cannot access the file 'c:\logfile.txt' because it is being used by another process..</Message>
          <StackTrace>    at System.IO.__Error.WinIOError(Int32 errorCode, String maybeFullPath)
   at System.IO.FileStream.Init(String path, FileMode mode, FileAccess access, Int32 rights, Boolean useRights, FileShare share, Int32 bufferSize, FileOptions options, SECURITY_ATTRIBUTES secAttrs, String msgPath, Boolean bFromProxy, Boolean useLongPath)
   at System.IO.FileStream..ctor(String path, FileMode mode, FileAccess access, FileShare share, Int32 bufferSize, FileOptions options)
   at System.IO.StreamWriter.CreateFile(String path, Boolean append)
   at System.IO.StreamWriter..ctor(String path, Boolean append, Encoding encoding, Int32 bufferSize)
   at System.IO.StreamWriter..ctor(String path, Boolean append)
   at System.IO.File.AppendText(String path)
   at FileLoggerSample.Impl.FileLoggers.BaseFileLogger.GetFileStream() in c:\users\steve\documents\visual studio 2010\Projects\FileLogger\FileLogger\Impl\FileLoggers\BaseFileLogger.cs:line 39
   at FileLoggerSample.Impl.FileLoggers.BaseFileLogger..ctor(IDelayConfig delayConfig) in c:\users\steve\documents\visual studio 2010\Projects\FileLogger\FileLogger\Impl\FileLoggers\BaseFileLogger.cs:line 23
   at FileLoggerSample.Impl.FileLoggers.BaseFileLogger..ctor() in c:\users\steve\documents\visual studio 2010\Projects\FileLogger\FileLogger\Impl\FileLoggers\BaseFileLogger.cs:line 16
   at FileLoggerSample.Impl.FileLoggers.FileLogger..ctor()
   at FileLoggerSample.Impl.Factories.InstanceFileLoggerFactory.Create() in c:\users\steve\documents\visual studio 2010\Projects\FileLogger\FileLogger\Impl\Factories\InstanceFileLoggerFactory.cs:line 10
   at FileLoggerSample.Impl.NumbersToTextFile.WriteNumbersToFile() in c:\users\steve\documents\visual studio 2010\Projects\FileLogger\FileLogger\Impl\NumbersToTextFile.cs:line 23
   at UnitTests.GivenSingleThreadFileLoggerShould.LogNumbers() in c:\users\steve\documents\visual studio 2010\Projects\FileLogger\UnitTests\GivenSingleThreadFileLoggerShould.cs:line 38
   at UnitTests.GivenSingleThreadFileLoggerShould.LogNumbersWithInstanceFileLogger() in c:\users\steve\documents\visual studio 2010\Projects\FileLogger\UnitTests\GivenSingleThreadFileLoggerShould.cs:line 45

TestCleanup Stack Trace
    at System.IO.__Error.WinIOError(Int32 errorCode, String maybeFullPath)
   at System.IO.File.Delete(String path)
   at UnitTests.GivenSingleThreadFileLoggerShould.CleanUp() in c:\users\steve\documents\visual studio 2010\Projects\FileLogger\UnitTests\GivenSingleThreadFileLoggerShould.cs:line 30
</StackTrace>
        </ErrorInfo>
      </Output>
    </UnitTestResult>
    <UnitTestResult executionId="0783b9a2-3776-4c8e-b88d-d527327ce425" testId="c60ed6d3-3496-0613-9c00-fa196c8d3602" testName="LogNumbersWithLazySingletonFileLogger" computerName="STEVEIBPDESKTOP" duration="00:00:00.0019446" startTime="2010-11-21T13:55:24.3369140-05:00" endTime="2010-11-21T13:55:24.3398437-05:00" testType="13cdc9d9-ddb5-4fa4-a97d-d965ccfc6d4b" outcome="Failed" testListId="8c84fa94-04c1-424b-9868-57a2d4851a1d" relativeResultsDirectory="0783b9a2-3776-4c8e-b88d-d527327ce425">
      <Output>
        <StdOut>Begin Logging to File
.</StdOut>
        <ErrorInfo>
          <Message>Test method UnitTests.GivenSingleThreadFileLoggerShould.LogNumbersWithLazySingletonFileLogger threw exception: 
System.TypeInitializationException: The type initializer for 'Nested' threw an exception. ---&gt; System.IO.IOException: The process cannot access the file 'c:\logfile.txt' because it is being used by another process.
TestCleanup method UnitTests.GivenSingleThreadFileLoggerShould.CleanUp threw exception. System.IO.IOException: System.IO.IOException: The process cannot access the file 'c:\logfile.txt' because it is being used by another process..</Message>
          <StackTrace>    at System.IO.__Error.WinIOError(Int32 errorCode, String maybeFullPath)
   at System.IO.FileStream.Init(String path, FileMode mode, FileAccess access, Int32 rights, Boolean useRights, FileShare share, Int32 bufferSize, FileOptions options, SECURITY_ATTRIBUTES secAttrs, String msgPath, Boolean bFromProxy, Boolean useLongPath)
   at System.IO.FileStream..ctor(String path, FileMode mode, FileAccess access, FileShare share, Int32 bufferSize, FileOptions options)
   at System.IO.StreamWriter.CreateFile(String path, Boolean append)
   at System.IO.StreamWriter..ctor(String path, Boolean append, Encoding encoding, Int32 bufferSize)
   at System.IO.StreamWriter..ctor(String path, Boolean append)
   at System.IO.File.AppendText(String path)
   at FileLoggerSample.Impl.FileLoggers.BaseFileLogger.GetFileStream() in c:\users\steve\documents\visual studio 2010\Projects\FileLogger\FileLogger\Impl\FileLoggers\BaseFileLogger.cs:line 39
   at FileLoggerSample.Impl.FileLoggers.BaseFileLogger..ctor(IDelayConfig delayConfig) in c:\users\steve\documents\visual studio 2010\Projects\FileLogger\FileLogger\Impl\FileLoggers\BaseFileLogger.cs:line 23
   at FileLoggerSample.Impl.FileLoggers.BaseFileLogger..ctor() in c:\users\steve\documents\visual studio 2010\Projects\FileLogger\FileLogger\Impl\FileLoggers\BaseFileLogger.cs:line 16
   at FileLoggerSample.Impl.FileLoggers.FileLoggerLazySingleton..ctor() in c:\users\steve\documents\visual studio 2010\Projects\FileLogger\FileLogger\Impl\FileLoggers\FileLoggerLazySingleton.cs:line 8
   at FileLoggerSample.Impl.FileLoggers.FileLoggerLazySingleton.Nested..cctor() in c:\users\steve\documents\visual studio 2010\Projects\FileLogger\FileLogger\Impl\FileLoggers\FileLoggerLazySingleton.cs:line 28
 --- End of inner exception stack trace ---
    at FileLoggerSample.Impl.FileLoggers.FileLoggerLazySingleton.get_Instance() in c:\users\steve\documents\visual studio 2010\Projects\FileLogger\FileLogger\Impl\FileLoggers\FileLoggerLazySingleton.cs:line 17
   at FileLoggerSample.Impl.Factories.LazySingletonFileLoggerFactory.Create() in c:\users\steve\documents\visual studio 2010\Projects\FileLogger\FileLogger\Impl\Factories\LazySingletonFileLoggerFactory.cs:line 10
   at FileLoggerSample.Impl.NumbersToTextFile.WriteNumbersToFile() in c:\users\steve\documents\visual studio 2010\Projects\FileLogger\FileLogger\Impl\NumbersToTextFile.cs:line 23
   at UnitTests.GivenSingleThreadFileLoggerShould.LogNumbers() in c:\users\steve\documents\visual studio 2010\Projects\FileLogger\UnitTests\GivenSingleThreadFileLoggerShould.cs:line 38
   at UnitTests.GivenSingleThreadFileLoggerShould.LogNumbersWithLazySingletonFileLogger() in c:\users\steve\documents\visual studio 2010\Projects\FileLogger\UnitTests\GivenSingleThreadFileLoggerShould.cs:line 73

TestCleanup Stack Trace
    at System.IO.__Error.WinIOError(Int32 errorCode, String maybeFullPath)
   at System.IO.File.Delete(String path)
   at UnitTests.GivenSingleThreadFileLoggerShould.CleanUp() in c:\users\steve\documents\visual studio 2010\Projects\FileLogger\UnitTests\GivenSingleThreadFileLoggerShould.cs:line 30
</StackTrace>
        </ErrorInfo>
      </Output>
    </UnitTestResult>
    <UnitTestResult executionId="54491b55-ddaa-4b7a-b7b2-5da67db0ee9d" testId="89b81e32-42db-a649-acea-f2a6be4f6c25" testName="LogNumbersWithLockedSingletonFileLogger" computerName="STEVEIBPDESKTOP" duration="00:00:00.0135323" startTime="2010-11-21T13:55:24.3398437-05:00" endTime="2010-11-21T13:55:24.3544921-05:00" testType="13cdc9d9-ddb5-4fa4-a97d-d965ccfc6d4b" outcome="Failed" testListId="8c84fa94-04c1-424b-9868-57a2d4851a1d" relativeResultsDirectory="54491b55-ddaa-4b7a-b7b2-5da67db0ee9d">
      <Output>
        <StdOut>Begin Logging to File
.</StdOut>
        <ErrorInfo>
          <Message>Test method UnitTests.GivenSingleThreadFileLoggerShould.LogNumbersWithLockedSingletonFileLogger threw exception: 
System.IO.IOException: The process cannot access the file 'c:\logfile.txt' because it is being used by another process.
TestCleanup method UnitTests.GivenSingleThreadFileLoggerShould.CleanUp threw exception. System.IO.IOException: System.IO.IOException: The process cannot access the file 'c:\logfile.txt' because it is being used by another process..</Message>
          <StackTrace>    at System.IO.__Error.WinIOError(Int32 errorCode, String maybeFullPath)
   at System.IO.FileStream.Init(String path, FileMode mode, FileAccess access, Int32 rights, Boolean useRights, FileShare share, Int32 bufferSize, FileOptions options, SECURITY_ATTRIBUTES secAttrs, String msgPath, Boolean bFromProxy, Boolean useLongPath)
   at System.IO.FileStream..ctor(String path, FileMode mode, FileAccess access, FileShare share, Int32 bufferSize, FileOptions options)
   at System.IO.StreamWriter.CreateFile(String path, Boolean append)
   at System.IO.StreamWriter..ctor(String path, Boolean append, Encoding encoding, Int32 bufferSize)
   at System.IO.StreamWriter..ctor(String path, Boolean append)
   at System.IO.File.AppendText(String path)
   at FileLoggerSample.Impl.FileLoggers.BaseFileLogger.GetFileStream() in c:\users\steve\documents\visual studio 2010\Projects\FileLogger\FileLogger\Impl\FileLoggers\BaseFileLogger.cs:line 39
   at FileLoggerSample.Impl.FileLoggers.BaseFileLogger..ctor(IDelayConfig delayConfig) in c:\users\steve\documents\visual studio 2010\Projects\FileLogger\FileLogger\Impl\FileLoggers\BaseFileLogger.cs:line 23
   at FileLoggerSample.Impl.FileLoggers.BaseFileLogger..ctor() in c:\users\steve\documents\visual studio 2010\Projects\FileLogger\FileLogger\Impl\FileLoggers\BaseFileLogger.cs:line 16
   at FileLoggerSample.Impl.FileLoggers.FileLoggerThreadSafeSingleton..ctor() in c:\users\steve\documents\visual studio 2010\Projects\FileLogger\FileLogger\Impl\FileLoggers\FileLoggerThreadSafeSingleton.cs:line 12
   at FileLoggerSample.Impl.FileLoggers.FileLoggerThreadSafeSingleton.get_Instance() in c:\users\steve\documents\visual studio 2010\Projects\FileLogger\FileLogger\Impl\FileLoggers\FileLoggerThreadSafeSingleton.cs:line 25
   at FileLoggerSample.Impl.Factories.LockedSingletonFileLoggerFactory.Create() in c:\users\steve\documents\visual studio 2010\Projects\FileLogger\FileLogger\Impl\Factories\LockedSingletonFileLoggerFactory.cs:line 10
   at FileLoggerSample.Impl.NumbersToTextFile.WriteNumbersToFile() in c:\users\steve\documents\visual studio 2010\Projects\FileLogger\FileLogger\Impl\NumbersToTextFile.cs:line 23
   at UnitTests.GivenSingleThreadFileLoggerShould.LogNumbers() in c:\users\steve\documents\visual studio 2010\Projects\FileLogger\UnitTests\GivenSingleThreadFileLoggerShould.cs:line 38
   at UnitTests.GivenSingleThreadFileLoggerShould.LogNumbersWithLockedSingletonFileLogger() in c:\users\steve\documents\visual studio 2010\Projects\FileLogger\UnitTests\GivenSingleThreadFileLoggerShould.cs:line 59

TestCleanup Stack Trace
    at System.IO.__Error.WinIOError(Int32 errorCode, String maybeFullPath)
   at System.IO.File.Delete(String path)
   at UnitTests.GivenSingleThreadFileLoggerShould.CleanUp() in c:\users\steve\documents\visual studio 2010\Projects\FileLogger\UnitTests\GivenSingleThreadFileLoggerShould.cs:line 30
</StackTrace>
        </ErrorInfo>
      </Output>
    </UnitTestResult>
    <UnitTestResult executionId="32571665-9775-4319-8c9e-3ac600e5a7c2" testId="ae8f5fdb-5a80-0124-c03c-b3d6be5a8e61" testName="LogNumbersWithSingletonFileLogger" computerName="STEVEIBPDESKTOP" duration="00:00:00.0076975" startTime="2010-11-21T13:55:24.3544921-05:00" endTime="2010-11-21T13:55:24.3632812-05:00" testType="13cdc9d9-ddb5-4fa4-a97d-d965ccfc6d4b" outcome="Passed" testListId="8c84fa94-04c1-424b-9868-57a2d4851a1d" relativeResultsDirectory="32571665-9775-4319-8c9e-3ac600e5a7c2">
      <Output>
        <StdOut>Begin Logging to File
........................................................................................................................................................................................................................................................................................................................................................................................................................................................................................................................................................................................................................................................................................................................................................................................................................................................................................................................................................................................................................................</StdOut>
      </Output>
    </UnitTestResult>
  </Results>
</TestRun>