<?xml version="1.0" encoding="UTF-8"?>
<TestRun id="dec4d450-c613-4dc1-bb11-0c8f18631d0a" name="Steve@STEVEIBPDESKTOP 2010-11-22 09:26:59" runUser="SteveIBPDesktop\Steve" xmlns="http://microsoft.com/schemas/VisualStudio/TeamTest/2010">
  <TestSettings name="Local" id="60c2b78c-affc-4f37-9333-f6ec362971eb">
    <Description>These are default test settings for a local test run.</Description>
    <Deployment enabled="false" runDeploymentRoot="Steve_STEVEIBPDESKTOP 2010-11-22 09_26_59" />
    <Execution>
      <TestTypeSpecific />
      <AgentRule name="Execution Agents">
      </AgentRule>
    </Execution>
  </TestSettings>
  <Times creation="2010-11-22T09:26:59.1318359-05:00" queuing="2010-11-22T09:26:59.3613281-05:00" start="2010-11-22T09:26:59.5166015-05:00" finish="2010-11-22T09:26:59.9746093-05:00" />
  <ResultSummary outcome="Completed">
    <Counters total="1" executed="1" passed="1" error="0" failed="0" timeout="0" aborted="0" inconclusive="0" passedButRunAborted="0" notRunnable="0" notExecuted="0" disconnected="0" warning="0" completed="0" inProgress="0" pending="0" />
  </ResultSummary>
  <TestDefinitions>
    <UnitTest name="ReturnNewInstanceByDefault" storage="c:\users\steve\documents\my dropbox\pluralsightcurrent\007 - singleton pattern\demo\unittests\bin\debug\tests.dll" id="4df233c3-34fd-3c0a-9099-1e7b348ceb4e">
      <Execution timeOut="1800000" id="b2df9917-f72b-4877-b280-0d5ac3c2788f" />
      <TestMethod codeBase="C:/Users/Steve/Documents/My Dropbox/PluralsightCurrent/007 - Singleton Pattern/Demo/UnitTests/bin/Debug/Tests.DLL" adapterTypeName="Microsoft.VisualStudio.TestTools.TestTypes.Unit.UnitTestAdapter, Microsoft.VisualStudio.QualityTools.Tips.UnitTest.Adapter, Version=10.0.0.0, Culture=neutral, PublicKeyToken=b03f5f7f11d50a3a" className="Tests.UnityShould, Tests, Version=1.0.0.0, Culture=neutral, PublicKeyToken=null" name="ReturnNewInstanceByDefault" />
    </UnitTest>
  </TestDefinitions>
  <TestLists>
    <TestList name="Results Not in a List" id="8c84fa94-04c1-424b-9868-57a2d4851a1d" />
    <TestList name="All Loaded Results" id="19431567-8539-422a-85d7-44ee4e166bda" />
  </TestLists>
  <TestEntries>
    <TestEntry testId="4df233c3-34fd-3c0a-9099-1e7b348ceb4e" executionId="b2df9917-f72b-4877-b280-0d5ac3c2788f" testListId="8c84fa94-04c1-424b-9868-57a2d4851a1d" />
  </TestEntries>
  <Results>
    <UnitTestResult executionId="b2df9917-f72b-4877-b280-0d5ac3c2788f" testId="4df233c3-34fd-3c0a-9099-1e7b348ceb4e" testName="ReturnNewInstanceByDefault" computerName="STEVEIBPDESKTOP" duration="00:00:00.3038269" startTime="2010-11-22T09:26:59.5576171-05:00" endTime="2010-11-22T09:26:59.9130859-05:00" testType="13cdc9d9-ddb5-4fa4-a97d-d965ccfc6d4b" outcome="Passed" testListId="8c84fa94-04c1-424b-9868-57a2d4851a1d" relativeResultsDirectory="b2df9917-f72b-4877-b280-0d5ac3c2788f">
    </UnitTestResult>
  </Results>
</TestRun>