<?xml version="1.0" encoding="UTF-8"?>
<TestRun id="132654c8-f5c9-4dc1-9678-cdf20d682e1a" name="Steve@STEVEIBPDESKTOP 2010-11-21 13:43:26" runUser="SteveIBPDesktop\Steve" xmlns="http://microsoft.com/schemas/VisualStudio/TeamTest/2010">
  <TestSettings name="Local" id="60c2b78c-affc-4f37-9333-f6ec362971eb">
    <Description>These are default test settings for a local test run.</Description>
    <Deployment enabled="false" runDeploymentRoot="Steve_STEVEIBPDESKTOP 2010-11-21 13_43_26" />
    <Execution>
      <TestTypeSpecific />
      <AgentRule name="Execution Agents">
      </AgentRule>
    </Execution>
  </TestSettings>
  <Times creation="2010-11-21T13:43:26.7412109-05:00" queuing="2010-11-21T13:43:26.9687500-05:00" start="2010-11-21T13:43:27.1103515-05:00" finish="2010-11-21T13:43:33.3974609-05:00" />
  <ResultSummary outcome="Failed">
    <Counters total="8" executed="8" passed="5" error="0" failed="3" timeout="0" aborted="0" inconclusive="0" passedButRunAborted="0" notRunnable="0" notExecuted="0" disconnected="0" warning="0" completed="0" inProgress="0" pending="0" />
  </ResultSummary>
  <TestDefinitions>
    <UnitTest name="LogNumbersWithSingletonFileLogger" storage="c:\users\steve\documents\visual studio 2010\projects\filelogger\unittests\bin\debug\unittests.dll" id="ae8f5fdb-5a80-0124-c03c-b3d6be5a8e61">
      <Execution timeOut="1800000" id="839de8cf-5976-453b-9567-8242a28e49eb" />
      <TestMethod codeBase="c:/users/steve/documents/visual studio 2010/Projects/FileLogger/UnitTests/bin/Debug/UnitTests.DLL" adapterTypeName="Microsoft.VisualStudio.TestTools.TestTypes.Unit.UnitTestAdapter, Microsoft.VisualStudio.QualityTools.Tips.UnitTest.Adapter, Version=10.0.0.0, Culture=neutral, PublicKeyToken=b03f5f7f11d50a3a" className="UnitTests.GivenSingleThreadFileLoggerShould, UnitTests, Version=1.0.0.0, Culture=neutral, PublicKeyToken=null" name="LogNumbersWithSingletonFileLogger" />
    </UnitTest>
    <UnitTest name="LogNumbersWithInstanceFileLogger" storage="c:\users\steve\documents\visual studio 2010\projects\filelogger\unittests\bin\debug\unittests.dll" id="fbf7f857-79de-08f2-9e81-b56c8176055a">
      <Execution timeOut="1800000" id="16d03c8d-c2dc-4b83-86af-52408874e032" />
      <TestMethod codeBase="c:/users/steve/documents/visual studio 2010/Projects/FileLogger/UnitTests/bin/Debug/UnitTests.DLL" adapterTypeName="Microsoft.VisualStudio.TestTools.TestTypes.Unit.UnitTestAdapter, Microsoft.VisualStudio.QualityTools.Tips.UnitTest.Adapter, Version=10.0.0.0, Culture=neutral, PublicKeyToken=b03f5f7f11d50a3a" className="UnitTests.GivenSingleThreadFileLoggerShould, UnitTests, Version=1.0.0.0, Culture=neutral, PublicKeyToken=null" name="LogNumbersWithInstanceFileLogger" />
    </UnitTest>
    <UnitTest name="LogNumbersWithLockedSingletonFileLogger" storage="c:\users\steve\documents\visual studio 2010\projects\filelogger\unittests\bin\debug\unittests.dll" id="8dfa8e08-8bc4-1574-c18b-3d48482f6fa8">
      <Execution timeOut="1800000" id="387b7bfe-3201-4629-aec5-73f4df4f3700" />
      <TestMethod codeBase="c:/users/steve/documents/visual studio 2010/Projects/FileLogger/UnitTests/bin/Debug/UnitTests.DLL" adapterTypeName="Microsoft.VisualStudio.TestTools.TestTypes.Unit.UnitTestAdapter, Microsoft.VisualStudio.QualityTools.Tips.UnitTest.Adapter, Version=10.0.0.0, Culture=neutral, PublicKeyToken=b03f5f7f11d50a3a" className="UnitTests.GivenMultipleThreadsFileLoggerShould, UnitTests, Version=1.0.0.0, Culture=neutral, PublicKeyToken=null" name="LogNumbersWithLockedSingletonFileLogger" />
    </UnitTest>
    <UnitTest name="LogNumbersWithDoubleCheckLockedSingletonFileLogger" storage="c:\users\steve\documents\visual studio 2010\projects\filelogger\unittests\bin\debug\unittests.dll" id="13da457a-de1a-d177-f733-d21a9ae13cab">
      <Execution timeOut="1800000" id="4a736d9a-061e-4b1c-87a1-360058dfdeb5" />
      <TestMethod codeBase="c:/users/steve/documents/visual studio 2010/Projects/FileLogger/UnitTests/bin/Debug/UnitTests.DLL" adapterTypeName="Microsoft.VisualStudio.TestTools.TestTypes.Unit.UnitTestAdapter, Microsoft.VisualStudio.QualityTools.Tips.UnitTest.Adapter, Version=10.0.0.0, Culture=neutral, PublicKeyToken=b03f5f7f11d50a3a" className="UnitTests.GivenMultipleThreadsFileLoggerShould, UnitTests, Version=1.0.0.0, Culture=neutral, PublicKeyToken=null" name="LogNumbersWithDoubleCheckLockedSingletonFileLogger" />
    </UnitTest>
    <UnitTest name="LogNumbersWithLazySingletonFileLogger" storage="c:\users\steve\documents\visual studio 2010\projects\filelogger\unittests\bin\debug\unittests.dll" id="c60ed6d3-3496-0613-9c00-fa196c8d3602">
      <Execution timeOut="1800000" id="edfbf193-64d2-4bc4-9c1d-32a092c23c57" />
      <TestMethod codeBase="c:/users/steve/documents/visual studio 2010/Projects/FileLogger/UnitTests/bin/Debug/UnitTests.DLL" adapterTypeName="Microsoft.VisualStudio.TestTools.TestTypes.Unit.UnitTestAdapter, Microsoft.VisualStudio.QualityTools.Tips.UnitTest.Adapter, Version=10.0.0.0, Culture=neutral, PublicKeyToken=b03f5f7f11d50a3a" className="UnitTests.GivenSingleThreadFileLoggerShould, UnitTests, Version=1.0.0.0, Culture=neutral, PublicKeyToken=null" name="LogNumbersWithLazySingletonFileLogger" />
    </UnitTest>
    <UnitTest name="LogNumbersWithDoubleCheckLockedSingletonFileLogger" storage="c:\users\steve\documents\visual studio 2010\projects\filelogger\unittests\bin\debug\unittests.dll" id="3651180b-d929-b8db-ad01-d5dcbe714c12">
      <Execution timeOut="1800000" id="48249b21-4a32-4b97-a459-dcc774051cd7" />
      <TestMethod codeBase="c:/users/steve/documents/visual studio 2010/Projects/FileLogger/UnitTests/bin/Debug/UnitTests.DLL" adapterTypeName="Microsoft.VisualStudio.TestTools.TestTypes.Unit.UnitTestAdapter, Microsoft.VisualStudio.QualityTools.Tips.UnitTest.Adapter, Version=10.0.0.0, Culture=neutral, PublicKeyToken=b03f5f7f11d50a3a" className="UnitTests.GivenSingleThreadFileLoggerShould, UnitTests, Version=1.0.0.0, Culture=neutral, PublicKeyToken=null" name="LogNumbersWithDoubleCheckLockedSingletonFileLogger" />
    </UnitTest>
    <UnitTest name="LogNumbersWithLazySingletonFileLogger" storage="c:\users\steve\documents\visual studio 2010\projects\filelogger\unittests\bin\debug\unittests.dll" id="cf973075-79de-8e47-f55e-276afa057e7c">
      <Execution timeOut="1800000" id="54d6d57d-7d3a-4fdb-8b37-e6f563080afa" />
      <TestMethod codeBase="c:/users/steve/documents/visual studio 2010/Projects/FileLogger/UnitTests/bin/Debug/UnitTests.DLL" adapterTypeName="Microsoft.VisualStudio.TestTools.TestTypes.Unit.UnitTestAdapter, Microsoft.VisualStudio.QualityTools.Tips.UnitTest.Adapter, Version=10.0.0.0, Culture=neutral, PublicKeyToken=b03f5f7f11d50a3a" className="UnitTests.GivenMultipleThreadsFileLoggerShould, UnitTests, Version=1.0.0.0, Culture=neutral, PublicKeyToken=null" name="LogNumbersWithLazySingletonFileLogger" />
    </UnitTest>
    <UnitTest name="LogNumbersWithLockedSingletonFileLogger" storage="c:\users\steve\documents\visual studio 2010\projects\filelogger\unittests\bin\debug\unittests.dll" id="89b81e32-42db-a649-acea-f2a6be4f6c25">
      <Execution timeOut="1800000" id="8f8c5b78-5579-4b28-8632-5d9c87232c04" />
      <TestMethod codeBase="c:/users/steve/documents/visual studio 2010/Projects/FileLogger/UnitTests/bin/Debug/UnitTests.DLL" adapterTypeName="Microsoft.VisualStudio.TestTools.TestTypes.Unit.UnitTestAdapter, Microsoft.VisualStudio.QualityTools.Tips.UnitTest.Adapter, Version=10.0.0.0, Culture=neutral, PublicKeyToken=b03f5f7f11d50a3a" className="UnitTests.GivenSingleThreadFileLoggerShould, UnitTests, Version=1.0.0.0, Culture=neutral, PublicKeyToken=null" name="LogNumbersWithLockedSingletonFileLogger" />
    </UnitTest>
  </TestDefinitions>
  <TestLists>
    <TestList name="Results Not in a List" id="8c84fa94-04c1-424b-9868-57a2d4851a1d" />
    <TestList name="All Loaded Results" id="19431567-8539-422a-85d7-44ee4e166bda" />
  </TestLists>
  <TestEntries>
    <TestEntry testId="13da457a-de1a-d177-f733-d21a9ae13cab" executionId="4a736d9a-061e-4b1c-87a1-360058dfdeb5" testListId="8c84fa94-04c1-424b-9868-57a2d4851a1d" />
    <TestEntry testId="cf973075-79de-8e47-f55e-276afa057e7c" executionId="54d6d57d-7d3a-4fdb-8b37-e6f563080afa" testListId="8c84fa94-04c1-424b-9868-57a2d4851a1d" />
    <TestEntry testId="8dfa8e08-8bc4-1574-c18b-3d48482f6fa8" executionId="387b7bfe-3201-4629-aec5-73f4df4f3700" testListId="8c84fa94-04c1-424b-9868-57a2d4851a1d" />
    <TestEntry testId="3651180b-d929-b8db-ad01-d5dcbe714c12" executionId="48249b21-4a32-4b97-a459-dcc774051cd7" testListId="8c84fa94-04c1-424b-9868-57a2d4851a1d" />
    <TestEntry testId="fbf7f857-79de-08f2-9e81-b56c8176055a" executionId="16d03c8d-c2dc-4b83-86af-52408874e032" testListId="8c84fa94-04c1-424b-9868-57a2d4851a1d" />
    <TestEntry testId="c60ed6d3-3496-0613-9c00-fa196c8d3602" executionId="edfbf193-64d2-4bc4-9c1d-32a092c23c57" testListId="8c84fa94-04c1-424b-9868-57a2d4851a1d" />
    <TestEntry testId="89b81e32-42db-a649-acea-f2a6be4f6c25" executionId="8f8c5b78-5579-4b28-8632-5d9c87232c04" testListId="8c84fa94-04c1-424b-9868-57a2d4851a1d" />
    <TestEntry testId="ae8f5fdb-5a80-0124-c03c-b3d6be5a8e61" executionId="839de8cf-5976-453b-9567-8242a28e49eb" testListId="8c84fa94-04c1-424b-9868-57a2d4851a1d" />
  </TestEntries>
  <Results>
    <UnitTestResult executionId="4a736d9a-061e-4b1c-87a1-360058dfdeb5" testId="13da457a-de1a-d177-f733-d21a9ae13cab" testName="LogNumbersWithDoubleCheckLockedSingletonFileLogger" computerName="STEVEIBPDESKTOP" duration="00:00:00.1637842" startTime="2010-11-21T13:43:27.1474609-05:00" endTime="2010-11-21T13:43:27.3593750-05:00" testType="13cdc9d9-ddb5-4fa4-a97d-d965ccfc6d4b" outcome="Passed" testListId="8c84fa94-04c1-424b-9868-57a2d4851a1d" relativeResultsDirectory="4a736d9a-061e-4b1c-87a1-360058dfdeb5">
      <Output>
        <StdOut>Begin Logging to File
........................................................................................................................................................................................................................................................................................................................................................................................................................................................................................................................................................................................................................................................................................................................................................................................................................................................................................................................................................................................................................................</StdOut>
      </Output>
    </UnitTestResult>
    <UnitTestResult executionId="54d6d57d-7d3a-4fdb-8b37-e6f563080afa" testId="cf973075-79de-8e47-f55e-276afa057e7c" testName="LogNumbersWithLazySingletonFileLogger" computerName="STEVEIBPDESKTOP" duration="00:00:00.0488937" startTime="2010-11-21T13:43:27.3613281-05:00" endTime="2010-11-21T13:43:27.4101562-05:00" testType="13cdc9d9-ddb5-4fa4-a97d-d965ccfc6d4b" outcome="Passed" testListId="8c84fa94-04c1-424b-9868-57a2d4851a1d" relativeResultsDirectory="54d6d57d-7d3a-4fdb-8b37-e6f563080afa">
      <Output>
        <StdOut>Begin Logging to File
........................................................................................................................................................................................................................................................................................................................................................................................................................................................................................................................................................................................................................................................................................................................................................................................................................................................................................................................................................................................................................................</StdOut>
      </Output>
    </UnitTestResult>
    <UnitTestResult executionId="387b7bfe-3201-4629-aec5-73f4df4f3700" testId="8dfa8e08-8bc4-1574-c18b-3d48482f6fa8" testName="LogNumbersWithLockedSingletonFileLogger" computerName="STEVEIBPDESKTOP" duration="00:00:00.0153138" startTime="2010-11-21T13:43:27.4111328-05:00" endTime="2010-11-21T13:43:27.4267578-05:00" testType="13cdc9d9-ddb5-4fa4-a97d-d965ccfc6d4b" outcome="Passed" testListId="8c84fa94-04c1-424b-9868-57a2d4851a1d" relativeResultsDirectory="387b7bfe-3201-4629-aec5-73f4df4f3700">
      <Output>
        <StdOut>Begin Logging to File
........................................................................................................................................................................................................................................................................................................................................................................................................................................................................................................................................................................................................................................................................................................................................................................................................................................................................................................................................................................................................................................</StdOut>
      </Output>
    </UnitTestResult>
    <UnitTestResult executionId="48249b21-4a32-4b97-a459-dcc774051cd7" testId="3651180b-d929-b8db-ad01-d5dcbe714c12" testName="LogNumbersWithDoubleCheckLockedSingletonFileLogger" computerName="STEVEIBPDESKTOP" duration="00:00:00.0247170" startTime="2010-11-21T13:43:27.4277343-05:00" endTime="2010-11-21T13:43:27.4531250-05:00" testType="13cdc9d9-ddb5-4fa4-a97d-d965ccfc6d4b" outcome="Failed" testListId="8c84fa94-04c1-424b-9868-57a2d4851a1d" relativeResultsDirectory="48249b21-4a32-4b97-a459-dcc774051cd7">
      <Output>
        <StdOut>Begin Logging to File
.</StdOut>
        <ErrorInfo>
          <Message>Test method UnitTests.GivenSingleThreadFileLoggerShould.LogNumbersWithDoubleCheckLockedSingletonFileLogger threw exception: 
System.ObjectDisposedException: Cannot write to a closed TextWriter.</Message>
          <StackTrace>    at System.IO.__Error.WriterClosed()
   at System.IO.StreamWriter.Flush(Boolean flushStream, Boolean flushEncoder)
   at System.IO.StreamWriter.Write(Char[] buffer, Int32 index, Int32 count)
   at System.IO.TextWriter.WriteLine(String value)
   at System.IO.TextWriter.SyncTextWriter.WriteLine(String value)
   at FileLoggerSample.Impl.FileLoggers.BaseFileLogger.WriteLineToFile(String value) in c:\users\steve\documents\visual studio 2010\Projects\FileLogger\FileLogger\Impl\FileLoggers\BaseFileLogger.cs:line 32
   at FileLoggerSample.Impl.NumbersToTextFile.WriteNumbersToFile() in c:\users\steve\documents\visual studio 2010\Projects\FileLogger\FileLogger\Impl\NumbersToTextFile.cs:line 24
   at UnitTests.GivenSingleThreadFileLoggerShould.LogNumbers() in c:\users\steve\documents\visual studio 2010\Projects\FileLogger\UnitTests\GivenSingleThreadFileLoggerShould.cs:line 31
   at UnitTests.GivenSingleThreadFileLoggerShould.LogNumbersWithDoubleCheckLockedSingletonFileLogger() in c:\users\steve\documents\visual studio 2010\Projects\FileLogger\UnitTests\GivenSingleThreadFileLoggerShould.cs:line 59
</StackTrace>
        </ErrorInfo>
      </Output>
    </UnitTestResult>
    <UnitTestResult executionId="16d03c8d-c2dc-4b83-86af-52408874e032" testId="fbf7f857-79de-08f2-9e81-b56c8176055a" testName="LogNumbersWithInstanceFileLogger" computerName="STEVEIBPDESKTOP" duration="00:00:05.8745246" startTime="2010-11-21T13:43:27.4541015-05:00" endTime="2010-11-21T13:43:33.3291015-05:00" testType="13cdc9d9-ddb5-4fa4-a97d-d965ccfc6d4b" outcome="Passed" testListId="8c84fa94-04c1-424b-9868-57a2d4851a1d" relativeResultsDirectory="16d03c8d-c2dc-4b83-86af-52408874e032">
      <Output>
        <StdOut>Begin Logging to File
........................................................................................................................................................................................................................................................................................................................................................................................................................................................................................................................................................................................................................................................................................................................................................................................................................................................................................................................................................................................................................................</StdOut>
      </Output>
    </UnitTestResult>
    <UnitTestResult executionId="edfbf193-64d2-4bc4-9c1d-32a092c23c57" testId="c60ed6d3-3496-0613-9c00-fa196c8d3602" testName="LogNumbersWithLazySingletonFileLogger" computerName="STEVEIBPDESKTOP" duration="00:00:00.0022503" startTime="2010-11-21T13:43:33.3300781-05:00" endTime="2010-11-21T13:43:33.3330078-05:00" testType="13cdc9d9-ddb5-4fa4-a97d-d965ccfc6d4b" outcome="Failed" testListId="8c84fa94-04c1-424b-9868-57a2d4851a1d" relativeResultsDirectory="edfbf193-64d2-4bc4-9c1d-32a092c23c57">
      <Output>
        <StdOut>Begin Logging to File
.</StdOut>
        <ErrorInfo>
          <Message>Test method UnitTests.GivenSingleThreadFileLoggerShould.LogNumbersWithLazySingletonFileLogger threw exception: 
System.ObjectDisposedException: Cannot write to a closed TextWriter.</Message>
          <StackTrace>    at System.IO.__Error.WriterClosed()
   at System.IO.StreamWriter.Flush(Boolean flushStream, Boolean flushEncoder)
   at System.IO.StreamWriter.Write(Char[] buffer, Int32 index, Int32 count)
   at System.IO.TextWriter.WriteLine(String value)
   at System.IO.TextWriter.SyncTextWriter.WriteLine(String value)
   at FileLoggerSample.Impl.FileLoggers.BaseFileLogger.WriteLineToFile(String value) in c:\users\steve\documents\visual studio 2010\Projects\FileLogger\FileLogger\Impl\FileLoggers\BaseFileLogger.cs:line 32
   at FileLoggerSample.Impl.NumbersToTextFile.WriteNumbersToFile() in c:\users\steve\documents\visual studio 2010\Projects\FileLogger\FileLogger\Impl\NumbersToTextFile.cs:line 24
   at UnitTests.GivenSingleThreadFileLoggerShould.LogNumbers() in c:\users\steve\documents\visual studio 2010\Projects\FileLogger\UnitTests\GivenSingleThreadFileLoggerShould.cs:line 31
   at UnitTests.GivenSingleThreadFileLoggerShould.LogNumbersWithLazySingletonFileLogger() in c:\users\steve\documents\visual studio 2010\Projects\FileLogger\UnitTests\GivenSingleThreadFileLoggerShould.cs:line 66
</StackTrace>
        </ErrorInfo>
      </Output>
    </UnitTestResult>
    <UnitTestResult executionId="8f8c5b78-5579-4b28-8632-5d9c87232c04" testId="89b81e32-42db-a649-acea-f2a6be4f6c25" testName="LogNumbersWithLockedSingletonFileLogger" computerName="STEVEIBPDESKTOP" duration="00:00:00.0015616" startTime="2010-11-21T13:43:33.3339843-05:00" endTime="2010-11-21T13:43:33.3359375-05:00" testType="13cdc9d9-ddb5-4fa4-a97d-d965ccfc6d4b" outcome="Failed" testListId="8c84fa94-04c1-424b-9868-57a2d4851a1d" relativeResultsDirectory="8f8c5b78-5579-4b28-8632-5d9c87232c04">
      <Output>
        <StdOut>Begin Logging to File
.</StdOut>
        <ErrorInfo>
          <Message>Test method UnitTests.GivenSingleThreadFileLoggerShould.LogNumbersWithLockedSingletonFileLogger threw exception: 
System.ObjectDisposedException: Cannot write to a closed TextWriter.</Message>
          <StackTrace>    at System.IO.__Error.WriterClosed()
   at System.IO.StreamWriter.Flush(Boolean flushStream, Boolean flushEncoder)
   at System.IO.StreamWriter.Write(Char[] buffer, Int32 index, Int32 count)
   at System.IO.TextWriter.WriteLine(String value)
   at System.IO.TextWriter.SyncTextWriter.WriteLine(String value)
   at FileLoggerSample.Impl.FileLoggers.BaseFileLogger.WriteLineToFile(String value) in c:\users\steve\documents\visual studio 2010\Projects\FileLogger\FileLogger\Impl\FileLoggers\BaseFileLogger.cs:line 32
   at FileLoggerSample.Impl.NumbersToTextFile.WriteNumbersToFile() in c:\users\steve\documents\visual studio 2010\Projects\FileLogger\FileLogger\Impl\NumbersToTextFile.cs:line 24
   at UnitTests.GivenSingleThreadFileLoggerShould.LogNumbers() in c:\users\steve\documents\visual studio 2010\Projects\FileLogger\UnitTests\GivenSingleThreadFileLoggerShould.cs:line 31
   at UnitTests.GivenSingleThreadFileLoggerShould.LogNumbersWithLockedSingletonFileLogger() in c:\users\steve\documents\visual studio 2010\Projects\FileLogger\UnitTests\GivenSingleThreadFileLoggerShould.cs:line 52
</StackTrace>
        </ErrorInfo>
      </Output>
    </UnitTestResult>
    <UnitTestResult executionId="839de8cf-5976-453b-9567-8242a28e49eb" testId="ae8f5fdb-5a80-0124-c03c-b3d6be5a8e61" testName="LogNumbersWithSingletonFileLogger" computerName="STEVEIBPDESKTOP" duration="00:00:00.0084383" startTime="2010-11-21T13:43:33.3369140-05:00" endTime="2010-11-21T13:43:33.3457031-05:00" testType="13cdc9d9-ddb5-4fa4-a97d-d965ccfc6d4b" outcome="Passed" testListId="8c84fa94-04c1-424b-9868-57a2d4851a1d" relativeResultsDirectory="839de8cf-5976-453b-9567-8242a28e49eb">
      <Output>
        <StdOut>Begin Logging to File
........................................................................................................................................................................................................................................................................................................................................................................................................................................................................................................................................................................................................................................................................................................................................................................................................................................................................................................................................................................................................................................</StdOut>
      </Output>
    </UnitTestResult>
  </Results>
</TestRun>