<?xml version="1.0" encoding="UTF-8"?>
<TestRun id="c52c91ac-1480-4f06-89c4-c3239a2f0629" name="Steve@STEVEIBPDESKTOP 2010-11-22 09:27:07" runUser="SteveIBPDesktop\Steve" xmlns="http://microsoft.com/schemas/VisualStudio/TeamTest/2010">
  <TestSettings name="Local" id="60c2b78c-affc-4f37-9333-f6ec362971eb">
    <Description>These are default test settings for a local test run.</Description>
    <Deployment enabled="false" runDeploymentRoot="Steve_STEVEIBPDESKTOP 2010-11-22 09_27_07" />
    <Execution>
      <TestTypeSpecific />
      <AgentRule name="Execution Agents">
      </AgentRule>
    </Execution>
  </TestSettings>
  <Times creation="2010-11-22T09:27:07.6621093-05:00" queuing="2010-11-22T09:27:07.8916015-05:00" start="2010-11-22T09:27:08.0546875-05:00" finish="2010-11-22T09:27:08.3876953-05:00" />
  <ResultSummary outcome="Completed">
    <Counters total="1" executed="1" passed="1" error="0" failed="0" timeout="0" aborted="0" inconclusive="0" passedButRunAborted="0" notRunnable="0" notExecuted="0" disconnected="0" warning="0" completed="0" inProgress="0" pending="0" />
  </ResultSummary>
  <TestDefinitions>
    <UnitTest name="ReturnSameInstanceWhenConfiguredToDoSo" storage="c:\users\steve\documents\my dropbox\pluralsightcurrent\007 - singleton pattern\demo\unittests\bin\debug\tests.dll" id="6fdd3c2c-b91b-2a1b-447f-51d6b1cbabd1">
      <Execution timeOut="1800000" id="b64a464b-7bb9-4a68-9999-9e1559093bf2" />
      <TestMethod codeBase="C:/Users/Steve/Documents/My Dropbox/PluralsightCurrent/007 - Singleton Pattern/Demo/UnitTests/bin/Debug/Tests.DLL" adapterTypeName="Microsoft.VisualStudio.TestTools.TestTypes.Unit.UnitTestAdapter, Microsoft.VisualStudio.QualityTools.Tips.UnitTest.Adapter, Version=10.0.0.0, Culture=neutral, PublicKeyToken=b03f5f7f11d50a3a" className="Tests.UnityShould, Tests, Version=1.0.0.0, Culture=neutral, PublicKeyToken=null" name="ReturnSameInstanceWhenConfiguredToDoSo" />
    </UnitTest>
  </TestDefinitions>
  <TestLists>
    <TestList name="Results Not in a List" id="8c84fa94-04c1-424b-9868-57a2d4851a1d" />
    <TestList name="All Loaded Results" id="19431567-8539-422a-85d7-44ee4e166bda" />
  </TestLists>
  <TestEntries>
    <TestEntry testId="6fdd3c2c-b91b-2a1b-447f-51d6b1cbabd1" executionId="b64a464b-7bb9-4a68-9999-9e1559093bf2" testListId="8c84fa94-04c1-424b-9868-57a2d4851a1d" />
  </TestEntries>
  <Results>
    <UnitTestResult executionId="b64a464b-7bb9-4a68-9999-9e1559093bf2" testId="6fdd3c2c-b91b-2a1b-447f-51d6b1cbabd1" testName="ReturnSameInstanceWhenConfiguredToDoSo" computerName="STEVEIBPDESKTOP" duration="00:00:00.1732992" startTime="2010-11-22T09:27:08.0957031-05:00" endTime="2010-11-22T09:27:08.3203125-05:00" testType="13cdc9d9-ddb5-4fa4-a97d-d965ccfc6d4b" outcome="Passed" testListId="8c84fa94-04c1-424b-9868-57a2d4851a1d" relativeResultsDirectory="b64a464b-7bb9-4a68-9999-9e1559093bf2">
    </UnitTestResult>
  </Results>
</TestRun>