<?xml version="1.0" encoding="UTF-8"?>
<TestRun id="c7085e6e-ac18-4cc6-b77c-adfbf528960c" name="Steve@STEVEIBPDESKTOP 2010-11-21 12:49:39" runUser="SteveIBPDesktop\Steve" xmlns="http://microsoft.com/schemas/VisualStudio/TeamTest/2010">
  <TestSettings name="Local" id="60c2b78c-affc-4f37-9333-f6ec362971eb">
    <Description>These are default test settings for a local test run.</Description>
    <Deployment enabled="false" runDeploymentRoot="Steve_STEVEIBPDESKTOP 2010-11-21 12_49_39" />
    <Execution>
      <TestTypeSpecific />
      <AgentRule name="Execution Agents">
      </AgentRule>
    </Execution>
  </TestSettings>
  <Times creation="2010-11-21T12:49:39.9150390-05:00" queuing="2010-11-21T12:49:40.1328125-05:00" start="2010-11-21T12:49:40.2753906-05:00" finish="2010-11-21T12:49:45.8457031-05:00" />
  <ResultSummary outcome="Failed">
    <Counters total="5" executed="5" passed="4" error="0" failed="1" timeout="0" aborted="0" inconclusive="0" passedButRunAborted="0" notRunnable="0" notExecuted="0" disconnected="0" warning="0" completed="0" inProgress="0" pending="0" />
  </ResultSummary>
  <TestDefinitions>
    <UnitTest name="LogNumbersWithLockedSingletonFileLogger" storage="c:\users\steve\documents\visual studio 2010\projects\filelogger\unittests\bin\debug\unittests.dll" id="89b81e32-42db-a649-acea-f2a6be4f6c25">
      <Execution timeOut="1800000" id="a07c3e30-2f6e-49b5-afad-b5924e140686" />
      <TestMethod codeBase="c:/users/steve/documents/visual studio 2010/Projects/FileLogger/UnitTests/bin/Debug/UnitTests.DLL" adapterTypeName="Microsoft.VisualStudio.TestTools.TestTypes.Unit.UnitTestAdapter, Microsoft.VisualStudio.QualityTools.Tips.UnitTest.Adapter, Version=10.0.0.0, Culture=neutral, PublicKeyToken=b03f5f7f11d50a3a" className="UnitTests.GivenSingleThreadFileLoggerShould, UnitTests, Version=1.0.0.0, Culture=neutral, PublicKeyToken=null" name="LogNumbersWithLockedSingletonFileLogger" />
    </UnitTest>
    <UnitTest name="LogNumbersWithDoubleCheckLockedSingletonFileLogger" storage="c:\users\steve\documents\visual studio 2010\projects\filelogger\unittests\bin\debug\unittests.dll" id="3651180b-d929-b8db-ad01-d5dcbe714c12">
      <Execution timeOut="1800000" id="778d47de-3593-4072-bf97-b6fe5862d820" />
      <TestMethod codeBase="c:/users/steve/documents/visual studio 2010/Projects/FileLogger/UnitTests/bin/Debug/UnitTests.DLL" adapterTypeName="Microsoft.VisualStudio.TestTools.TestTypes.Unit.UnitTestAdapter, Microsoft.VisualStudio.QualityTools.Tips.UnitTest.Adapter, Version=10.0.0.0, Culture=neutral, PublicKeyToken=b03f5f7f11d50a3a" className="UnitTests.GivenSingleThreadFileLoggerShould, UnitTests, Version=1.0.0.0, Culture=neutral, PublicKeyToken=null" name="LogNumbersWithDoubleCheckLockedSingletonFileLogger" />
    </UnitTest>
    <UnitTest name="LogNumbersWithSingletonFileLogger" storage="c:\users\steve\documents\visual studio 2010\projects\filelogger\unittests\bin\debug\unittests.dll" id="ae8f5fdb-5a80-0124-c03c-b3d6be5a8e61">
      <Execution timeOut="1800000" id="903e4683-034d-45d2-b0e9-e8a41c1c8493" />
      <TestMethod codeBase="c:/users/steve/documents/visual studio 2010/Projects/FileLogger/UnitTests/bin/Debug/UnitTests.DLL" adapterTypeName="Microsoft.VisualStudio.TestTools.TestTypes.Unit.UnitTestAdapter, Microsoft.VisualStudio.QualityTools.Tips.UnitTest.Adapter, Version=10.0.0.0, Culture=neutral, PublicKeyToken=b03f5f7f11d50a3a" className="UnitTests.GivenSingleThreadFileLoggerShould, UnitTests, Version=1.0.0.0, Culture=neutral, PublicKeyToken=null" name="LogNumbersWithSingletonFileLogger" />
    </UnitTest>
    <UnitTest name="LogNumbersWithInstanceFileLogger" storage="c:\users\steve\documents\visual studio 2010\projects\filelogger\unittests\bin\debug\unittests.dll" id="fbf7f857-79de-08f2-9e81-b56c8176055a">
      <Execution timeOut="1800000" id="5ce3f4ea-197c-4b62-9b06-7bf536024036" />
      <TestMethod codeBase="c:/users/steve/documents/visual studio 2010/Projects/FileLogger/UnitTests/bin/Debug/UnitTests.DLL" adapterTypeName="Microsoft.VisualStudio.TestTools.TestTypes.Unit.UnitTestAdapter, Microsoft.VisualStudio.QualityTools.Tips.UnitTest.Adapter, Version=10.0.0.0, Culture=neutral, PublicKeyToken=b03f5f7f11d50a3a" className="UnitTests.GivenSingleThreadFileLoggerShould, UnitTests, Version=1.0.0.0, Culture=neutral, PublicKeyToken=null" name="LogNumbersWithInstanceFileLogger" />
    </UnitTest>
    <UnitTest name="LogNumbersWithLazySingletonFileLogger" storage="c:\users\steve\documents\visual studio 2010\projects\filelogger\unittests\bin\debug\unittests.dll" id="c60ed6d3-3496-0613-9c00-fa196c8d3602">
      <Execution timeOut="1800000" id="ead4f554-03b8-4e4a-86cf-d471c49636d2" />
      <TestMethod codeBase="c:/users/steve/documents/visual studio 2010/Projects/FileLogger/UnitTests/bin/Debug/UnitTests.DLL" adapterTypeName="Microsoft.VisualStudio.TestTools.TestTypes.Unit.UnitTestAdapter, Microsoft.VisualStudio.QualityTools.Tips.UnitTest.Adapter, Version=10.0.0.0, Culture=neutral, PublicKeyToken=b03f5f7f11d50a3a" className="UnitTests.GivenSingleThreadFileLoggerShould, UnitTests, Version=1.0.0.0, Culture=neutral, PublicKeyToken=null" name="LogNumbersWithLazySingletonFileLogger" />
    </UnitTest>
  </TestDefinitions>
  <TestLists>
    <TestList name="Results Not in a List" id="8c84fa94-04c1-424b-9868-57a2d4851a1d" />
    <TestList name="All Loaded Results" id="19431567-8539-422a-85d7-44ee4e166bda" />
  </TestLists>
  <TestEntries>
    <TestEntry testId="3651180b-d929-b8db-ad01-d5dcbe714c12" executionId="778d47de-3593-4072-bf97-b6fe5862d820" testListId="8c84fa94-04c1-424b-9868-57a2d4851a1d" />
    <TestEntry testId="fbf7f857-79de-08f2-9e81-b56c8176055a" executionId="5ce3f4ea-197c-4b62-9b06-7bf536024036" testListId="8c84fa94-04c1-424b-9868-57a2d4851a1d" />
    <TestEntry testId="c60ed6d3-3496-0613-9c00-fa196c8d3602" executionId="ead4f554-03b8-4e4a-86cf-d471c49636d2" testListId="8c84fa94-04c1-424b-9868-57a2d4851a1d" />
    <TestEntry testId="89b81e32-42db-a649-acea-f2a6be4f6c25" executionId="a07c3e30-2f6e-49b5-afad-b5924e140686" testListId="8c84fa94-04c1-424b-9868-57a2d4851a1d" />
    <TestEntry testId="ae8f5fdb-5a80-0124-c03c-b3d6be5a8e61" executionId="903e4683-034d-45d2-b0e9-e8a41c1c8493" testListId="8c84fa94-04c1-424b-9868-57a2d4851a1d" />
  </TestEntries>
  <Results>
    <UnitTestResult executionId="778d47de-3593-4072-bf97-b6fe5862d820" testId="3651180b-d929-b8db-ad01-d5dcbe714c12" testName="LogNumbersWithDoubleCheckLockedSingletonFileLogger" computerName="STEVEIBPDESKTOP" duration="00:00:00.2175452" startTime="2010-11-21T12:49:40.3125000-05:00" endTime="2010-11-21T12:49:40.5791015-05:00" testType="13cdc9d9-ddb5-4fa4-a97d-d965ccfc6d4b" outcome="Passed" testListId="8c84fa94-04c1-424b-9868-57a2d4851a1d" relativeResultsDirectory="778d47de-3593-4072-bf97-b6fe5862d820">
      <Output>
        <StdOut>Begin Logging to File
....................................................................................................</StdOut>
      </Output>
    </UnitTestResult>
    <UnitTestResult executionId="5ce3f4ea-197c-4b62-9b06-7bf536024036" testId="fbf7f857-79de-08f2-9e81-b56c8176055a" testName="LogNumbersWithInstanceFileLogger" computerName="STEVEIBPDESKTOP" duration="00:00:05.0796781" startTime="2010-11-21T12:49:40.5810546-05:00" endTime="2010-11-21T12:49:45.6611328-05:00" testType="13cdc9d9-ddb5-4fa4-a97d-d965ccfc6d4b" outcome="Passed" testListId="8c84fa94-04c1-424b-9868-57a2d4851a1d" relativeResultsDirectory="5ce3f4ea-197c-4b62-9b06-7bf536024036">
      <Output>
        <StdOut>Begin Logging to File
....................................................................................................</StdOut>
      </Output>
    </UnitTestResult>
    <UnitTestResult executionId="ead4f554-03b8-4e4a-86cf-d471c49636d2" testId="c60ed6d3-3496-0613-9c00-fa196c8d3602" testName="LogNumbersWithLazySingletonFileLogger" computerName="STEVEIBPDESKTOP" duration="00:00:00.0230072" startTime="2010-11-21T12:49:45.6621093-05:00" endTime="2010-11-21T12:49:45.6855468-05:00" testType="13cdc9d9-ddb5-4fa4-a97d-d965ccfc6d4b" outcome="Failed" testListId="8c84fa94-04c1-424b-9868-57a2d4851a1d" relativeResultsDirectory="ead4f554-03b8-4e4a-86cf-d471c49636d2">
      <Output>
        <StdOut>Begin Logging to File
.</StdOut>
        <ErrorInfo>
          <Message>Test method UnitTests.GivenSingleThreadFileLoggerShould.LogNumbersWithLazySingletonFileLogger threw exception: 
System.ObjectDisposedException: Cannot write to a closed TextWriter.</Message>
          <StackTrace>    at System.IO.__Error.WriterClosed()
   at System.IO.StreamWriter.Flush(Boolean flushStream, Boolean flushEncoder)
   at System.IO.StreamWriter.Write(Char[] buffer, Int32 index, Int32 count)
   at System.IO.TextWriter.WriteLine(String value)
   at FileLoggerSample.Impl.DoubleCheckLockingFileLogger.WriteLineToFile(String value) in c:\users\steve\documents\visual studio 2010\Projects\FileLogger\FileLogger\Impl\DoubleCheckLockingFileLogger.cs:line 44
   at FileLoggerSample.Impl.NumbersToTextFile.WriteNumbersToFile() in c:\users\steve\documents\visual studio 2010\Projects\FileLogger\FileLogger\Impl\NumbersToTextFile.cs:line 24
   at UnitTests.GivenSingleThreadFileLoggerShould.LogNumbersWithLazySingletonFileLogger() in c:\users\steve\documents\visual studio 2010\Projects\FileLogger\UnitTests\GivenSingleThreadFileLoggerShould.cs:line 65
</StackTrace>
        </ErrorInfo>
      </Output>
    </UnitTestResult>
    <UnitTestResult executionId="a07c3e30-2f6e-49b5-afad-b5924e140686" testId="89b81e32-42db-a649-acea-f2a6be4f6c25" testName="LogNumbersWithLockedSingletonFileLogger" computerName="STEVEIBPDESKTOP" duration="00:00:00.0531014" startTime="2010-11-21T12:49:45.6855468-05:00" endTime="2010-11-21T12:49:45.7392578-05:00" testType="13cdc9d9-ddb5-4fa4-a97d-d965ccfc6d4b" outcome="Passed" testListId="8c84fa94-04c1-424b-9868-57a2d4851a1d" relativeResultsDirectory="a07c3e30-2f6e-49b5-afad-b5924e140686">
      <Output>
        <StdOut>Begin Logging to File
....................................................................................................</StdOut>
      </Output>
    </UnitTestResult>
    <UnitTestResult executionId="903e4683-034d-45d2-b0e9-e8a41c1c8493" testId="ae8f5fdb-5a80-0124-c03c-b3d6be5a8e61" testName="LogNumbersWithSingletonFileLogger" computerName="STEVEIBPDESKTOP" duration="00:00:00.0525984" startTime="2010-11-21T12:49:45.7402343-05:00" endTime="2010-11-21T12:49:45.7929687-05:00" testType="13cdc9d9-ddb5-4fa4-a97d-d965ccfc6d4b" outcome="Passed" testListId="8c84fa94-04c1-424b-9868-57a2d4851a1d" relativeResultsDirectory="903e4683-034d-45d2-b0e9-e8a41c1c8493">
      <Output>
        <StdOut>Begin Logging to File
....................................................................................................</StdOut>
      </Output>
    </UnitTestResult>
  </Results>
</TestRun>