<?xml version="1.0" encoding="UTF-8"?>
<TestRun id="c54c708d-54f8-473f-a178-1ae4808328f8" name="Steve@STEVEIBPDESKTOP 2010-11-21 13:56:11" runUser="SteveIBPDesktop\Steve" xmlns="http://microsoft.com/schemas/VisualStudio/TeamTest/2010">
  <TestSettings name="Local" id="60c2b78c-affc-4f37-9333-f6ec362971eb">
    <Description>These are default test settings for a local test run.</Description>
    <Deployment enabled="false" runDeploymentRoot="Steve_STEVEIBPDESKTOP 2010-11-21 13_56_11" />
    <Execution>
      <TestTypeSpecific />
      <AgentRule name="Execution Agents">
      </AgentRule>
    </Execution>
  </TestSettings>
  <Times creation="2010-11-21T13:56:11.4199218-05:00" queuing="2010-11-21T13:56:11.6386718-05:00" start="2010-11-21T13:56:11.7802734-05:00" finish="2010-11-21T13:56:12.0830078-05:00" />
  <ResultSummary outcome="Completed">
    <Counters total="1" executed="1" passed="1" error="0" failed="0" timeout="0" aborted="0" inconclusive="0" passedButRunAborted="0" notRunnable="0" notExecuted="0" disconnected="0" warning="0" completed="0" inProgress="0" pending="0" />
  </ResultSummary>
  <TestDefinitions>
    <UnitTest name="LogNumbersWithLazySingletonFileLogger" storage="c:\users\steve\documents\visual studio 2010\projects\filelogger\unittests\bin\debug\unittests.dll" id="cf973075-79de-8e47-f55e-276afa057e7c">
      <Execution timeOut="1800000" id="fec94996-3ca8-4c6a-811d-ccae33eec5e1" />
      <TestMethod codeBase="c:/users/steve/documents/visual studio 2010/Projects/FileLogger/UnitTests/bin/Debug/UnitTests.DLL" adapterTypeName="Microsoft.VisualStudio.TestTools.TestTypes.Unit.UnitTestAdapter, Microsoft.VisualStudio.QualityTools.Tips.UnitTest.Adapter, Version=10.0.0.0, Culture=neutral, PublicKeyToken=b03f5f7f11d50a3a" className="UnitTests.GivenMultipleThreadsFileLoggerShould, UnitTests, Version=1.0.0.0, Culture=neutral, PublicKeyToken=null" name="LogNumbersWithLazySingletonFileLogger" />
    </UnitTest>
  </TestDefinitions>
  <TestLists>
    <TestList name="Results Not in a List" id="8c84fa94-04c1-424b-9868-57a2d4851a1d" />
    <TestList name="All Loaded Results" id="19431567-8539-422a-85d7-44ee4e166bda" />
  </TestLists>
  <TestEntries>
    <TestEntry testId="cf973075-79de-8e47-f55e-276afa057e7c" executionId="fec94996-3ca8-4c6a-811d-ccae33eec5e1" testListId="8c84fa94-04c1-424b-9868-57a2d4851a1d" />
  </TestEntries>
  <Results>
    <UnitTestResult executionId="fec94996-3ca8-4c6a-811d-ccae33eec5e1" testId="cf973075-79de-8e47-f55e-276afa057e7c" testName="LogNumbersWithLazySingletonFileLogger" computerName="STEVEIBPDESKTOP" duration="00:00:00.1617786" startTime="2010-11-21T13:56:11.8164062-05:00" endTime="2010-11-21T13:56:12.0273437-05:00" testType="13cdc9d9-ddb5-4fa4-a97d-d965ccfc6d4b" outcome="Passed" testListId="8c84fa94-04c1-424b-9868-57a2d4851a1d" relativeResultsDirectory="fec94996-3ca8-4c6a-811d-ccae33eec5e1">
      <Output>
        <StdOut>Begin Logging to File
........................................................................................................................................................................................................................................................................................................................................................................................................................................................................................................................................................................................................................................................................................................................................................................................................................................................................................................................................................................................................................................</StdOut>
      </Output>
    </UnitTestResult>
  </Results>
</TestRun>