<?xml version="1.0" encoding="UTF-8"?>
<TestRun id="51185ead-589f-458c-a52e-dbf85121775c" name="Steve@STEVEIBPDESKTOP 2010-11-22 09:26:02" runUser="SteveIBPDesktop\Steve" xmlns="http://microsoft.com/schemas/VisualStudio/TeamTest/2010">
  <TestSettings name="Local" id="60c2b78c-affc-4f37-9333-f6ec362971eb">
    <Description>These are default test settings for a local test run.</Description>
    <Deployment enabled="false" runDeploymentRoot="Steve_STEVEIBPDESKTOP 2010-11-22 09_26_02" />
    <Execution>
      <TestTypeSpecific />
      <AgentRule name="Execution Agents">
      </AgentRule>
    </Execution>
  </TestSettings>
  <Times creation="2010-11-22T09:26:02.1787109-05:00" queuing="2010-11-22T09:26:02.6972656-05:00" start="2010-11-22T09:26:02.8593750-05:00" finish="2010-11-22T09:26:03.3994140-05:00" />
  <ResultSummary outcome="Failed">
    <Counters total="2" executed="2" passed="1" error="0" failed="1" timeout="0" aborted="0" inconclusive="0" passedButRunAborted="0" notRunnable="0" notExecuted="0" disconnected="0" warning="0" completed="0" inProgress="0" pending="0" />
  </ResultSummary>
  <TestDefinitions>
    <UnitTest name="ReturnSameInstanceWhenConfiguredToDoSo" storage="c:\users\steve\documents\my dropbox\pluralsightcurrent\007 - singleton pattern\demo\unittests\bin\debug\tests.dll" id="6fdd3c2c-b91b-2a1b-447f-51d6b1cbabd1">
      <Execution timeOut="1800000" id="8c94dbfb-c83c-469f-9dca-44829e6694d7" />
      <TestMethod codeBase="C:/Users/Steve/Documents/My Dropbox/PluralsightCurrent/007 - Singleton Pattern/Demo/UnitTests/bin/Debug/Tests.DLL" adapterTypeName="Microsoft.VisualStudio.TestTools.TestTypes.Unit.UnitTestAdapter, Microsoft.VisualStudio.QualityTools.Tips.UnitTest.Adapter, Version=10.0.0.0, Culture=neutral, PublicKeyToken=b03f5f7f11d50a3a" className="Tests.UnityShould, Tests, Version=1.0.0.0, Culture=neutral, PublicKeyToken=null" name="ReturnSameInstanceWhenConfiguredToDoSo" />
    </UnitTest>
    <UnitTest name="ReturnNewInstanceByDefault" storage="c:\users\steve\documents\my dropbox\pluralsightcurrent\007 - singleton pattern\demo\unittests\bin\debug\tests.dll" id="4df233c3-34fd-3c0a-9099-1e7b348ceb4e">
      <Execution timeOut="1800000" id="352ed48d-a8c8-488e-8474-5fc273cea955" />
      <TestMethod codeBase="C:/Users/Steve/Documents/My Dropbox/PluralsightCurrent/007 - Singleton Pattern/Demo/UnitTests/bin/Debug/Tests.DLL" adapterTypeName="Microsoft.VisualStudio.TestTools.TestTypes.Unit.UnitTestAdapter, Microsoft.VisualStudio.QualityTools.Tips.UnitTest.Adapter, Version=10.0.0.0, Culture=neutral, PublicKeyToken=b03f5f7f11d50a3a" className="Tests.UnityShould, Tests, Version=1.0.0.0, Culture=neutral, PublicKeyToken=null" name="ReturnNewInstanceByDefault" />
    </UnitTest>
  </TestDefinitions>
  <TestLists>
    <TestList name="Results Not in a List" id="8c84fa94-04c1-424b-9868-57a2d4851a1d" />
    <TestList name="All Loaded Results" id="19431567-8539-422a-85d7-44ee4e166bda" />
  </TestLists>
  <TestEntries>
    <TestEntry testId="4df233c3-34fd-3c0a-9099-1e7b348ceb4e" executionId="352ed48d-a8c8-488e-8474-5fc273cea955" testListId="8c84fa94-04c1-424b-9868-57a2d4851a1d" />
    <TestEntry testId="6fdd3c2c-b91b-2a1b-447f-51d6b1cbabd1" executionId="8c94dbfb-c83c-469f-9dca-44829e6694d7" testListId="8c84fa94-04c1-424b-9868-57a2d4851a1d" />
  </TestEntries>
  <Results>
    <UnitTestResult executionId="352ed48d-a8c8-488e-8474-5fc273cea955" testId="4df233c3-34fd-3c0a-9099-1e7b348ceb4e" testName="ReturnNewInstanceByDefault" computerName="STEVEIBPDESKTOP" duration="00:00:00.3016811" startTime="2010-11-22T09:26:02.9023437-05:00" endTime="2010-11-22T09:26:03.2568359-05:00" testType="13cdc9d9-ddb5-4fa4-a97d-d965ccfc6d4b" outcome="Passed" testListId="8c84fa94-04c1-424b-9868-57a2d4851a1d" relativeResultsDirectory="352ed48d-a8c8-488e-8474-5fc273cea955">
    </UnitTestResult>
    <UnitTestResult executionId="8c94dbfb-c83c-469f-9dca-44829e6694d7" testId="6fdd3c2c-b91b-2a1b-447f-51d6b1cbabd1" testName="ReturnSameInstanceWhenConfiguredToDoSo" computerName="STEVEIBPDESKTOP" duration="00:00:00.0743983" startTime="2010-11-22T09:26:03.2607421-05:00" endTime="2010-11-22T09:26:03.3359375-05:00" testType="13cdc9d9-ddb5-4fa4-a97d-d965ccfc6d4b" outcome="Failed" testListId="8c84fa94-04c1-424b-9868-57a2d4851a1d" relativeResultsDirectory="8c94dbfb-c83c-469f-9dca-44829e6694d7">
      <Output>
        <ErrorInfo>
          <Message>Test method Tests.UnityShould.ReturnSameInstanceWhenConfiguredToDoSo threw exception: 
Microsoft.Practices.Unity.ResolutionFailedException: Resolution of the dependency failed, type = "FileLoggerSample.Interfaces.IFileLogger", name = "(none)".
Exception occurred while: Calling constructor FileLoggerSample.Impl.FileLoggers.FileLogger().
Exception is: IOException - The process cannot access the file 'c:\dev\scratch\logs\logfile.txt' because it is being used by another process.
-----------------------------------------------
At the time of the exception, the container was:

  Resolving FileLoggerSample.Impl.FileLoggers.FileLogger,(none) (mapped from FileLoggerSample.Interfaces.IFileLogger, (none))
  Calling constructor FileLoggerSample.Impl.FileLoggers.FileLogger()
 ---&gt; System.IO.IOException: The process cannot access the file 'c:\dev\scratch\logs\logfile.txt' because it is being used by another process.</Message>
          <StackTrace>    at System.IO.__Error.WinIOError(Int32 errorCode, String maybeFullPath)
   at System.IO.FileStream.Init(String path, FileMode mode, FileAccess access, Int32 rights, Boolean useRights, FileShare share, Int32 bufferSize, FileOptions options, SECURITY_ATTRIBUTES secAttrs, String msgPath, Boolean bFromProxy, Boolean useLongPath)
   at System.IO.FileStream..ctor(String path, FileMode mode, FileAccess access, FileShare share, Int32 bufferSize, FileOptions options)
   at System.IO.StreamWriter.CreateFile(String path, Boolean append)
   at System.IO.StreamWriter..ctor(String path, Boolean append, Encoding encoding, Int32 bufferSize)
   at System.IO.StreamWriter..ctor(String path, Boolean append)
   at System.IO.File.AppendText(String path)
   at FileLoggerSample.Impl.FileLoggers.BaseFileLogger.GetFileStream() in C:\Users\Steve\Documents\My Dropbox\PluralsightCurrent\007 - Singleton Pattern\Demo\FileLogger\Impl\FileLoggers\BaseFileLogger.cs:line 41
   at FileLoggerSample.Impl.FileLoggers.BaseFileLogger..ctor(IDelayConfig delayConfig) in C:\Users\Steve\Documents\My Dropbox\PluralsightCurrent\007 - Singleton Pattern\Demo\FileLogger\Impl\FileLoggers\BaseFileLogger.cs:line 24
   at FileLoggerSample.Impl.FileLoggers.BaseFileLogger..ctor() in C:\Users\Steve\Documents\My Dropbox\PluralsightCurrent\007 - Singleton Pattern\Demo\FileLogger\Impl\FileLoggers\BaseFileLogger.cs:line 17
   at FileLoggerSample.Impl.FileLoggers.FileLogger..ctor() in C:\Users\Steve\Documents\My Dropbox\PluralsightCurrent\007 - Singleton Pattern\Demo\FileLogger\Impl\FileLoggers\FileLogger.cs:line 8
   at BuildUp_FileLoggerSample.Impl.FileLoggers.FileLogger(IBuilderContext )
   at Microsoft.Practices.ObjectBuilder2.DynamicMethodBuildPlan.BuildUp(IBuilderContext context)
   at Microsoft.Practices.ObjectBuilder2.BuildPlanStrategy.PreBuildUp(IBuilderContext context)
   at Microsoft.Practices.ObjectBuilder2.StrategyChain.ExecuteBuildUp(IBuilderContext context)
   at Microsoft.Practices.Unity.UnityContainer.DoBuildUp(Type t, Object existing, String name, IEnumerable`1 resolverOverrides)
 --- End of inner exception stack trace ---
    at Microsoft.Practices.Unity.UnityContainer.DoBuildUp(Type t, Object existing, String name, IEnumerable`1 resolverOverrides)
   at Microsoft.Practices.Unity.UnityContainer.Resolve(Type t, String name, ResolverOverride[] resolverOverrides)
   at Microsoft.Practices.Unity.UnityContainerExtensions.Resolve[T](IUnityContainer container, ResolverOverride[] overrides)
   at Tests.UnityShould.ReturnSameInstanceWhenConfiguredToDoSo() in C:\Users\Steve\Documents\My Dropbox\PluralsightCurrent\007 - Singleton Pattern\Demo\UnitTests\UnityShould.cs:line 40
</StackTrace>
        </ErrorInfo>
      </Output>
    </UnitTestResult>
  </Results>
</TestRun>