<?xml version="1.0" encoding="UTF-8"?>
<TestRun id="d580af0f-c470-4b26-83de-13de7341154e" name="Steve@STEVEIBPDESKTOP 2010-11-22 07:46:26" runUser="SteveIBPDesktop\Steve" xmlns="http://microsoft.com/schemas/VisualStudio/TeamTest/2010">
  <TestSettings name="Local" id="60c2b78c-affc-4f37-9333-f6ec362971eb">
    <Description>These are default test settings for a local test run.</Description>
    <Deployment enabled="false" runDeploymentRoot="Steve_STEVEIBPDESKTOP 2010-11-22 07_46_26" />
    <Execution>
      <TestTypeSpecific />
      <AgentRule name="Execution Agents">
      </AgentRule>
    </Execution>
  </TestSettings>
  <Times creation="2010-11-22T07:46:26.2880859-05:00" queuing="2010-11-22T07:46:26.5146484-05:00" start="2010-11-22T07:46:26.6630859-05:00" finish="2010-11-22T07:46:27.0156250-05:00" />
  <ResultSummary outcome="Completed">
    <Counters total="1" executed="1" passed="1" error="0" failed="0" timeout="0" aborted="0" inconclusive="0" passedButRunAborted="0" notRunnable="0" notExecuted="0" disconnected="0" warning="0" completed="0" inProgress="0" pending="0" />
  </ResultSummary>
  <TestDefinitions>
    <UnitTest name="ReturnSameInstanceWhenConfiguredToDoSo" storage="c:\users\steve\documents\my dropbox\pluralsightcurrent\007 - singleton pattern\demo\unittests\bin\debug\tests.dll" id="6fdd3c2c-b91b-2a1b-447f-51d6b1cbabd1">
      <Execution timeOut="1800000" id="ab361fbb-ef87-4a74-95db-1817a4ec50bc" />
      <TestMethod codeBase="C:/Users/Steve/Documents/My Dropbox/PluralsightCurrent/007 - Singleton Pattern/Demo/UnitTests/bin/Debug/Tests.DLL" adapterTypeName="Microsoft.VisualStudio.TestTools.TestTypes.Unit.UnitTestAdapter, Microsoft.VisualStudio.QualityTools.Tips.UnitTest.Adapter, Version=10.0.0.0, Culture=neutral, PublicKeyToken=b03f5f7f11d50a3a" className="Tests.UnityShould, Tests, Version=1.0.0.0, Culture=neutral, PublicKeyToken=null" name="ReturnSameInstanceWhenConfiguredToDoSo" />
    </UnitTest>
  </TestDefinitions>
  <TestLists>
    <TestList name="Results Not in a List" id="8c84fa94-04c1-424b-9868-57a2d4851a1d" />
    <TestList name="All Loaded Results" id="19431567-8539-422a-85d7-44ee4e166bda" />
  </TestLists>
  <TestEntries>
    <TestEntry testId="6fdd3c2c-b91b-2a1b-447f-51d6b1cbabd1" executionId="ab361fbb-ef87-4a74-95db-1817a4ec50bc" testListId="8c84fa94-04c1-424b-9868-57a2d4851a1d" />
  </TestEntries>
  <Results>
    <UnitTestResult executionId="ab361fbb-ef87-4a74-95db-1817a4ec50bc" testId="6fdd3c2c-b91b-2a1b-447f-51d6b1cbabd1" testName="ReturnSameInstanceWhenConfiguredToDoSo" computerName="STEVEIBPDESKTOP" duration="00:00:00.1996626" startTime="2010-11-22T07:46:26.7041015-05:00" endTime="2010-11-22T07:46:26.9541015-05:00" testType="13cdc9d9-ddb5-4fa4-a97d-d965ccfc6d4b" outcome="Passed" testListId="8c84fa94-04c1-424b-9868-57a2d4851a1d" relativeResultsDirectory="ab361fbb-ef87-4a74-95db-1817a4ec50bc">
    </UnitTestResult>
  </Results>
</TestRun>