<?xml version="1.0" encoding="UTF-8"?>
<TestRun id="c57d349b-06bd-4bb7-9151-479790a2bd22" name="Steve@STEVEIBPDESKTOP 2010-11-22 09:20:27" runUser="SteveIBPDesktop\Steve" xmlns="http://microsoft.com/schemas/VisualStudio/TeamTest/2010">
  <TestSettings name="Local" id="60c2b78c-affc-4f37-9333-f6ec362971eb">
    <Description>These are default test settings for a local test run.</Description>
    <Deployment enabled="false" runDeploymentRoot="Steve_STEVEIBPDESKTOP 2010-11-22 09_20_27" />
    <Execution>
      <TestTypeSpecific />
      <AgentRule name="Execution Agents">
      </AgentRule>
    </Execution>
  </TestSettings>
  <Times creation="2010-11-22T09:20:27.2265625-05:00" queuing="2010-11-22T09:20:27.4580078-05:00" start="2010-11-22T09:20:27.6162109-05:00" finish="2010-11-22T09:20:27.9414062-05:00" />
  <ResultSummary outcome="Completed">
    <Counters total="1" executed="1" passed="1" error="0" failed="0" timeout="0" aborted="0" inconclusive="0" passedButRunAborted="0" notRunnable="0" notExecuted="0" disconnected="0" warning="0" completed="0" inProgress="0" pending="0" />
  </ResultSummary>
  <TestDefinitions>
    <UnitTest name="LogNumbersWithLazySingletonFileLogger" storage="c:\users\steve\documents\my dropbox\pluralsightcurrent\007 - singleton pattern\demo\unittests\bin\debug\tests.dll" id="6a875a90-8dcc-954b-a79c-dcd8d55dbe58">
      <Execution timeOut="1800000" id="0314acea-e792-4321-87c7-197b81921ce8" />
      <TestMethod codeBase="C:/Users/Steve/Documents/My Dropbox/PluralsightCurrent/007 - Singleton Pattern/Demo/UnitTests/bin/Debug/Tests.DLL" adapterTypeName="Microsoft.VisualStudio.TestTools.TestTypes.Unit.UnitTestAdapter, Microsoft.VisualStudio.QualityTools.Tips.UnitTest.Adapter, Version=10.0.0.0, Culture=neutral, PublicKeyToken=b03f5f7f11d50a3a" className="Tests.GivenMultipleThreadsFileLoggerShould, Tests, Version=1.0.0.0, Culture=neutral, PublicKeyToken=null" name="LogNumbersWithLazySingletonFileLogger" />
    </UnitTest>
  </TestDefinitions>
  <TestLists>
    <TestList name="Results Not in a List" id="8c84fa94-04c1-424b-9868-57a2d4851a1d" />
    <TestList name="All Loaded Results" id="19431567-8539-422a-85d7-44ee4e166bda" />
  </TestLists>
  <TestEntries>
    <TestEntry testId="6a875a90-8dcc-954b-a79c-dcd8d55dbe58" executionId="0314acea-e792-4321-87c7-197b81921ce8" testListId="8c84fa94-04c1-424b-9868-57a2d4851a1d" />
  </TestEntries>
  <Results>
    <UnitTestResult executionId="0314acea-e792-4321-87c7-197b81921ce8" testId="6a875a90-8dcc-954b-a79c-dcd8d55dbe58" testName="LogNumbersWithLazySingletonFileLogger" computerName="STEVEIBPDESKTOP" duration="00:00:00.1732954" startTime="2010-11-22T09:20:27.6552734-05:00" endTime="2010-11-22T09:20:27.8828125-05:00" testType="13cdc9d9-ddb5-4fa4-a97d-d965ccfc6d4b" outcome="Passed" testListId="8c84fa94-04c1-424b-9868-57a2d4851a1d" relativeResultsDirectory="0314acea-e792-4321-87c7-197b81921ce8">
      <Output>
        <StdOut>Begin Logging to File
........................................................................................................................................................................................................................................................................................................................................................................................................................................................................................................................................................................................................................................................................................................................................................................................................................................................................................................................................................................................................................................</StdOut>
      </Output>
    </UnitTestResult>
  </Results>
</TestRun>