<?xml version="1.0" encoding="UTF-8"?>
<TestRun id="5817325e-c08f-4d17-9dd5-f0fef68b8c79" name="Steve@STEVEIBPDESKTOP 2010-11-22 07:20:50" runUser="SteveIBPDesktop\Steve" xmlns="http://microsoft.com/schemas/VisualStudio/TeamTest/2010">
  <TestSettings name="Local" id="60c2b78c-affc-4f37-9333-f6ec362971eb">
    <Description>These are default test settings for a local test run.</Description>
    <Deployment enabled="false" runDeploymentRoot="Steve_STEVEIBPDESKTOP 2010-11-22 07_20_50" />
    <Execution>
      <TestTypeSpecific />
      <AgentRule name="Execution Agents">
      </AgentRule>
    </Execution>
  </TestSettings>
  <Times creation="2010-11-22T07:20:50.6699218-05:00" queuing="2010-11-22T07:20:50.8955078-05:00" start="2010-11-22T07:20:51.0458984-05:00" finish="2010-11-22T07:20:51.2197265-05:00" />
  <ResultSummary outcome="Completed">
    <Counters total="1" executed="1" passed="1" error="0" failed="0" timeout="0" aborted="0" inconclusive="0" passedButRunAborted="0" notRunnable="0" notExecuted="0" disconnected="0" warning="0" completed="0" inProgress="0" pending="0" />
  </ResultSummary>
  <TestDefinitions>
    <UnitTest name="ReturnSameInstance" storage="c:\users\steve\documents\my dropbox\pluralsightcurrent\007 - singleton pattern\demo\unittests\bin\debug\tests.dll" id="b9e5df13-d02c-817e-ea51-83eba3ac6951">
      <Execution timeOut="1800000" id="212cf22d-1985-435d-94a5-00215ed0adb4" />
      <TestMethod codeBase="C:/Users/Steve/Documents/My Dropbox/PluralsightCurrent/007 - Singleton Pattern/Demo/UnitTests/bin/Debug/Tests.DLL" adapterTypeName="Microsoft.VisualStudio.TestTools.TestTypes.Unit.UnitTestAdapter, Microsoft.VisualStudio.QualityTools.Tips.UnitTest.Adapter, Version=10.0.0.0, Culture=neutral, PublicKeyToken=b03f5f7f11d50a3a" className="Tests.LazySingletonShould, Tests, Version=1.0.0.0, Culture=neutral, PublicKeyToken=null" name="ReturnSameInstance" />
    </UnitTest>
  </TestDefinitions>
  <TestLists>
    <TestList name="Results Not in a List" id="8c84fa94-04c1-424b-9868-57a2d4851a1d" />
    <TestList name="All Loaded Results" id="19431567-8539-422a-85d7-44ee4e166bda" />
  </TestLists>
  <TestEntries>
    <TestEntry testId="b9e5df13-d02c-817e-ea51-83eba3ac6951" executionId="212cf22d-1985-435d-94a5-00215ed0adb4" testListId="8c84fa94-04c1-424b-9868-57a2d4851a1d" />
  </TestEntries>
  <Results>
    <UnitTestResult executionId="212cf22d-1985-435d-94a5-00215ed0adb4" testId="b9e5df13-d02c-817e-ea51-83eba3ac6951" testName="ReturnSameInstance" computerName="STEVEIBPDESKTOP" duration="00:00:00.0121396" startTime="2010-11-22T07:20:51.0908203-05:00" endTime="2010-11-22T07:20:51.1523437-05:00" testType="13cdc9d9-ddb5-4fa4-a97d-d965ccfc6d4b" outcome="Passed" testListId="8c84fa94-04c1-424b-9868-57a2d4851a1d" relativeResultsDirectory="212cf22d-1985-435d-94a5-00215ed0adb4">
    </UnitTestResult>
  </Results>
</TestRun>