<?xml version="1.0" encoding="UTF-8"?>
<TestRun id="543e4c59-34c1-458e-9c0f-119c4932ab65" name="Steve@STEVEIBPDESKTOP 2010-11-21 12:50:29" runUser="SteveIBPDesktop\Steve" xmlns="http://microsoft.com/schemas/VisualStudio/TeamTest/2010">
  <TestSettings name="Local" id="60c2b78c-affc-4f37-9333-f6ec362971eb">
    <Description>These are default test settings for a local test run.</Description>
    <Deployment enabled="false" runDeploymentRoot="Steve_STEVEIBPDESKTOP 2010-11-21 12_50_29" />
    <Execution>
      <TestTypeSpecific />
      <AgentRule name="Execution Agents">
      </AgentRule>
    </Execution>
  </TestSettings>
  <Times creation="2010-11-21T12:50:29.6699218-05:00" queuing="2010-11-21T12:50:29.8886718-05:00" start="2010-11-21T12:50:30.0322265-05:00" finish="2010-11-21T12:50:35.6367187-05:00" />
  <ResultSummary outcome="Completed">
    <Counters total="5" executed="5" passed="5" error="0" failed="0" timeout="0" aborted="0" inconclusive="0" passedButRunAborted="0" notRunnable="0" notExecuted="0" disconnected="0" warning="0" completed="0" inProgress="0" pending="0" />
  </ResultSummary>
  <TestDefinitions>
    <UnitTest name="LogNumbersWithLockedSingletonFileLogger" storage="c:\users\steve\documents\visual studio 2010\projects\filelogger\unittests\bin\debug\unittests.dll" id="89b81e32-42db-a649-acea-f2a6be4f6c25">
      <Execution timeOut="1800000" id="7593f958-d8ce-4186-9b2d-24d874c5c5de" />
      <TestMethod codeBase="c:/users/steve/documents/visual studio 2010/Projects/FileLogger/UnitTests/bin/Debug/UnitTests.DLL" adapterTypeName="Microsoft.VisualStudio.TestTools.TestTypes.Unit.UnitTestAdapter, Microsoft.VisualStudio.QualityTools.Tips.UnitTest.Adapter, Version=10.0.0.0, Culture=neutral, PublicKeyToken=b03f5f7f11d50a3a" className="UnitTests.GivenSingleThreadFileLoggerShould, UnitTests, Version=1.0.0.0, Culture=neutral, PublicKeyToken=null" name="LogNumbersWithLockedSingletonFileLogger" />
    </UnitTest>
    <UnitTest name="LogNumbersWithDoubleCheckLockedSingletonFileLogger" storage="c:\users\steve\documents\visual studio 2010\projects\filelogger\unittests\bin\debug\unittests.dll" id="3651180b-d929-b8db-ad01-d5dcbe714c12">
      <Execution timeOut="1800000" id="760874f6-b0c3-4ed8-886d-9f8562318da7" />
      <TestMethod codeBase="c:/users/steve/documents/visual studio 2010/Projects/FileLogger/UnitTests/bin/Debug/UnitTests.DLL" adapterTypeName="Microsoft.VisualStudio.TestTools.TestTypes.Unit.UnitTestAdapter, Microsoft.VisualStudio.QualityTools.Tips.UnitTest.Adapter, Version=10.0.0.0, Culture=neutral, PublicKeyToken=b03f5f7f11d50a3a" className="UnitTests.GivenSingleThreadFileLoggerShould, UnitTests, Version=1.0.0.0, Culture=neutral, PublicKeyToken=null" name="LogNumbersWithDoubleCheckLockedSingletonFileLogger" />
    </UnitTest>
    <UnitTest name="LogNumbersWithSingletonFileLogger" storage="c:\users\steve\documents\visual studio 2010\projects\filelogger\unittests\bin\debug\unittests.dll" id="ae8f5fdb-5a80-0124-c03c-b3d6be5a8e61">
      <Execution timeOut="1800000" id="87e37914-e250-4f2c-8eff-a50eaaea3ba2" />
      <TestMethod codeBase="c:/users/steve/documents/visual studio 2010/Projects/FileLogger/UnitTests/bin/Debug/UnitTests.DLL" adapterTypeName="Microsoft.VisualStudio.TestTools.TestTypes.Unit.UnitTestAdapter, Microsoft.VisualStudio.QualityTools.Tips.UnitTest.Adapter, Version=10.0.0.0, Culture=neutral, PublicKeyToken=b03f5f7f11d50a3a" className="UnitTests.GivenSingleThreadFileLoggerShould, UnitTests, Version=1.0.0.0, Culture=neutral, PublicKeyToken=null" name="LogNumbersWithSingletonFileLogger" />
    </UnitTest>
    <UnitTest name="LogNumbersWithInstanceFileLogger" storage="c:\users\steve\documents\visual studio 2010\projects\filelogger\unittests\bin\debug\unittests.dll" id="fbf7f857-79de-08f2-9e81-b56c8176055a">
      <Execution timeOut="1800000" id="854deee0-efc3-4382-8561-e292a65045dd" />
      <TestMethod codeBase="c:/users/steve/documents/visual studio 2010/Projects/FileLogger/UnitTests/bin/Debug/UnitTests.DLL" adapterTypeName="Microsoft.VisualStudio.TestTools.TestTypes.Unit.UnitTestAdapter, Microsoft.VisualStudio.QualityTools.Tips.UnitTest.Adapter, Version=10.0.0.0, Culture=neutral, PublicKeyToken=b03f5f7f11d50a3a" className="UnitTests.GivenSingleThreadFileLoggerShould, UnitTests, Version=1.0.0.0, Culture=neutral, PublicKeyToken=null" name="LogNumbersWithInstanceFileLogger" />
    </UnitTest>
    <UnitTest name="LogNumbersWithLazySingletonFileLogger" storage="c:\users\steve\documents\visual studio 2010\projects\filelogger\unittests\bin\debug\unittests.dll" id="c60ed6d3-3496-0613-9c00-fa196c8d3602">
      <Execution timeOut="1800000" id="245287c0-bb97-455f-acc1-dd9a87e8aa56" />
      <TestMethod codeBase="c:/users/steve/documents/visual studio 2010/Projects/FileLogger/UnitTests/bin/Debug/UnitTests.DLL" adapterTypeName="Microsoft.VisualStudio.TestTools.TestTypes.Unit.UnitTestAdapter, Microsoft.VisualStudio.QualityTools.Tips.UnitTest.Adapter, Version=10.0.0.0, Culture=neutral, PublicKeyToken=b03f5f7f11d50a3a" className="UnitTests.GivenSingleThreadFileLoggerShould, UnitTests, Version=1.0.0.0, Culture=neutral, PublicKeyToken=null" name="LogNumbersWithLazySingletonFileLogger" />
    </UnitTest>
  </TestDefinitions>
  <TestLists>
    <TestList name="Results Not in a List" id="8c84fa94-04c1-424b-9868-57a2d4851a1d" />
    <TestList name="All Loaded Results" id="19431567-8539-422a-85d7-44ee4e166bda" />
  </TestLists>
  <TestEntries>
    <TestEntry testId="3651180b-d929-b8db-ad01-d5dcbe714c12" executionId="760874f6-b0c3-4ed8-886d-9f8562318da7" testListId="8c84fa94-04c1-424b-9868-57a2d4851a1d" />
    <TestEntry testId="fbf7f857-79de-08f2-9e81-b56c8176055a" executionId="854deee0-efc3-4382-8561-e292a65045dd" testListId="8c84fa94-04c1-424b-9868-57a2d4851a1d" />
    <TestEntry testId="c60ed6d3-3496-0613-9c00-fa196c8d3602" executionId="245287c0-bb97-455f-acc1-dd9a87e8aa56" testListId="8c84fa94-04c1-424b-9868-57a2d4851a1d" />
    <TestEntry testId="89b81e32-42db-a649-acea-f2a6be4f6c25" executionId="7593f958-d8ce-4186-9b2d-24d874c5c5de" testListId="8c84fa94-04c1-424b-9868-57a2d4851a1d" />
    <TestEntry testId="ae8f5fdb-5a80-0124-c03c-b3d6be5a8e61" executionId="87e37914-e250-4f2c-8eff-a50eaaea3ba2" testListId="8c84fa94-04c1-424b-9868-57a2d4851a1d" />
  </TestEntries>
  <Results>
    <UnitTestResult executionId="760874f6-b0c3-4ed8-886d-9f8562318da7" testId="3651180b-d929-b8db-ad01-d5dcbe714c12" testName="LogNumbersWithDoubleCheckLockedSingletonFileLogger" computerName="STEVEIBPDESKTOP" duration="00:00:00.2188437" startTime="2010-11-21T12:50:30.0683593-05:00" endTime="2010-11-21T12:50:30.3359375-05:00" testType="13cdc9d9-ddb5-4fa4-a97d-d965ccfc6d4b" outcome="Passed" testListId="8c84fa94-04c1-424b-9868-57a2d4851a1d" relativeResultsDirectory="760874f6-b0c3-4ed8-886d-9f8562318da7">
      <Output>
        <StdOut>Begin Logging to File
....................................................................................................</StdOut>
      </Output>
    </UnitTestResult>
    <UnitTestResult executionId="854deee0-efc3-4382-8561-e292a65045dd" testId="fbf7f857-79de-08f2-9e81-b56c8176055a" testName="LogNumbersWithInstanceFileLogger" computerName="STEVEIBPDESKTOP" duration="00:00:05.0798681" startTime="2010-11-21T12:50:30.3378906-05:00" endTime="2010-11-21T12:50:35.4179687-05:00" testType="13cdc9d9-ddb5-4fa4-a97d-d965ccfc6d4b" outcome="Passed" testListId="8c84fa94-04c1-424b-9868-57a2d4851a1d" relativeResultsDirectory="854deee0-efc3-4382-8561-e292a65045dd">
      <Output>
        <StdOut>Begin Logging to File
....................................................................................................</StdOut>
      </Output>
    </UnitTestResult>
    <UnitTestResult executionId="245287c0-bb97-455f-acc1-dd9a87e8aa56" testId="c60ed6d3-3496-0613-9c00-fa196c8d3602" testName="LogNumbersWithLazySingletonFileLogger" computerName="STEVEIBPDESKTOP" duration="00:00:00.0529677" startTime="2010-11-21T12:50:35.4189453-05:00" endTime="2010-11-21T12:50:35.4716796-05:00" testType="13cdc9d9-ddb5-4fa4-a97d-d965ccfc6d4b" outcome="Passed" testListId="8c84fa94-04c1-424b-9868-57a2d4851a1d" relativeResultsDirectory="245287c0-bb97-455f-acc1-dd9a87e8aa56">
      <Output>
        <StdOut>Begin Logging to File
....................................................................................................</StdOut>
      </Output>
    </UnitTestResult>
    <UnitTestResult executionId="7593f958-d8ce-4186-9b2d-24d874c5c5de" testId="89b81e32-42db-a649-acea-f2a6be4f6c25" testName="LogNumbersWithLockedSingletonFileLogger" computerName="STEVEIBPDESKTOP" duration="00:00:00.0525911" startTime="2010-11-21T12:50:35.4726562-05:00" endTime="2010-11-21T12:50:35.5253906-05:00" testType="13cdc9d9-ddb5-4fa4-a97d-d965ccfc6d4b" outcome="Passed" testListId="8c84fa94-04c1-424b-9868-57a2d4851a1d" relativeResultsDirectory="7593f958-d8ce-4186-9b2d-24d874c5c5de">
      <Output>
        <StdOut>Begin Logging to File
....................................................................................................</StdOut>
      </Output>
    </UnitTestResult>
    <UnitTestResult executionId="87e37914-e250-4f2c-8eff-a50eaaea3ba2" testId="ae8f5fdb-5a80-0124-c03c-b3d6be5a8e61" testName="LogNumbersWithSingletonFileLogger" computerName="STEVEIBPDESKTOP" duration="00:00:00.0524027" startTime="2010-11-21T12:50:35.5263671-05:00" endTime="2010-11-21T12:50:35.5839843-05:00" testType="13cdc9d9-ddb5-4fa4-a97d-d965ccfc6d4b" outcome="Passed" testListId="8c84fa94-04c1-424b-9868-57a2d4851a1d" relativeResultsDirectory="87e37914-e250-4f2c-8eff-a50eaaea3ba2">
      <Output>
        <StdOut>Begin Logging to File
....................................................................................................</StdOut>
      </Output>
    </UnitTestResult>
  </Results>
</TestRun>